<?xml version="1.0" encoding="UTF-8"?>
<coverage generated="1605999926214" clover="3.2.0">
  <project timestamp="1605999926214" name="All files">
    <metrics statements="194" coveredstatements="74" conditionals="58" coveredconditionals="19" methods="78" coveredmethods="25" elements="330" coveredelements="118" complexity="0" loc="194" ncloc="194" packages="23" files="37" classes="37">
      <package name="src">
        <metrics statements="4" coveredstatements="0" conditionals="0" coveredconditionals="0" methods="0" coveredmethods="0"/>
        <file name="App.vue" path="C:\Webserver\www\tests\desafio-tecnico-frontend-conexa\src\App.vue">
          <metrics statements="4" coveredstatements="0" conditionals="0" coveredconditionals="0" methods="0" coveredmethods="0"/>
          <line num="2" count="0" type="stmt"/>
          <line num="3" count="0" type="stmt"/>
          <line num="4" count="0" type="stmt"/>
          <line num="5" count="0" type="stmt"/>
        </file>
      </package>
      <package name="src.app.domains.appointment.services">
        <metrics statements="1" coveredstatements="1" conditionals="1" coveredconditionals="1" methods="1" coveredmethods="1"/>
        <file name="appointment-service.js" path="C:\Webserver\www\tests\desafio-tecnico-frontend-conexa\src\app\domains\appointment\services\appointment-service.js">
          <metrics statements="1" coveredstatements="1" conditionals="1" coveredconditionals="1" methods="1" coveredmethods="1"/>
          <line num="13" count="7" type="stmt"/>
        </file>
      </package>
      <package name="src.app.domains.users.services">
        <metrics statements="1" coveredstatements="0" conditionals="0" coveredconditionals="0" methods="1" coveredmethods="0"/>
        <file name="user-service.js" path="C:\Webserver\www\tests\desafio-tecnico-frontend-conexa\src\app\domains\users\services\user-service.js">
          <metrics statements="1" coveredstatements="0" conditionals="0" coveredconditionals="0" methods="1" coveredmethods="0"/>
          <line num="5" count="0" type="stmt"/>
        </file>
      </package>
      <package name="src.app.domains.users.storage">
        <metrics statements="13" coveredstatements="8" conditionals="4" coveredconditionals="2" methods="4" coveredmethods="2"/>
        <file name="user-storage.js" path="C:\Webserver\www\tests\desafio-tecnico-frontend-conexa\src\app\domains\users\storage\user-storage.js">
          <metrics statements="13" coveredstatements="8" conditionals="4" coveredconditionals="2" methods="4" coveredmethods="2"/>
          <line num="1" count="3" type="stmt"/>
          <line num="3" count="3" type="stmt"/>
          <line num="5" count="0" type="stmt"/>
          <line num="8" count="3" type="stmt"/>
          <line num="10" count="3" type="cond" truecount="1" falsecount="1"/>
          <line num="11" count="0" type="stmt"/>
          <line num="14" count="3" type="stmt"/>
          <line num="17" count="3" type="stmt"/>
          <line num="19" count="3" type="cond" truecount="1" falsecount="1"/>
          <line num="20" count="0" type="stmt"/>
          <line num="21" count="0" type="stmt"/>
          <line num="23" count="3" type="stmt"/>
          <line num="26" count="0" type="stmt"/>
        </file>
      </package>
      <package name="src.app.domains.users.vuex-module">
        <metrics statements="23" coveredstatements="3" conditionals="4" coveredconditionals="0" methods="5" coveredmethods="0"/>
        <file name="index.js" path="C:\Webserver\www\tests\desafio-tecnico-frontend-conexa\src\app\domains\users\vuex-module\index.js">
          <metrics statements="23" coveredstatements="3" conditionals="4" coveredconditionals="0" methods="5" coveredmethods="0"/>
          <line num="4" count="3" type="stmt"/>
          <line num="5" count="3" type="stmt"/>
          <line num="6" count="3" type="stmt"/>
          <line num="15" count="0" type="stmt"/>
          <line num="16" count="0" type="stmt"/>
          <line num="17" count="0" type="stmt"/>
          <line num="21" count="0" type="stmt"/>
          <line num="24" count="0" type="stmt"/>
          <line num="27" count="0" type="stmt"/>
          <line num="28" count="0" type="stmt"/>
          <line num="33" count="0" type="stmt"/>
          <line num="34" count="0" type="stmt"/>
          <line num="35" count="0" type="cond" truecount="0" falsecount="4"/>
          <line num="36" count="0" type="stmt"/>
          <line num="37" count="0" type="stmt"/>
          <line num="39" count="0" type="stmt"/>
          <line num="40" count="0" type="stmt"/>
          <line num="41" count="0" type="stmt"/>
          <line num="43" count="0" type="stmt"/>
          <line num="44" count="0" type="stmt"/>
          <line num="47" count="0" type="stmt"/>
          <line num="48" count="0" type="stmt"/>
          <line num="49" count="0" type="stmt"/>
        </file>
      </package>
      <package name="src.app.pages">
        <metrics statements="0" coveredstatements="0" conditionals="0" coveredconditionals="0" methods="0" coveredmethods="0"/>
        <file name="index.js" path="C:\Webserver\www\tests\desafio-tecnico-frontend-conexa\src\app\pages\index.js">
          <metrics statements="0" coveredstatements="0" conditionals="0" coveredconditionals="0" methods="0" coveredmethods="0"/>
        </file>
        <file name="routes.js" path="C:\Webserver\www\tests\desafio-tecnico-frontend-conexa\src\app\pages\routes.js">
          <metrics statements="0" coveredstatements="0" conditionals="0" coveredconditionals="0" methods="0" coveredmethods="0"/>
        </file>
      </package>
      <package name="src.app.pages.appointment">
        <metrics statements="4" coveredstatements="1" conditionals="0" coveredconditionals="0" methods="3" coveredmethods="0"/>
        <file name="index.js" path="C:\Webserver\www\tests\desafio-tecnico-frontend-conexa\src\app\pages\appointment\index.js">
          <metrics statements="0" coveredstatements="0" conditionals="0" coveredconditionals="0" methods="0" coveredmethods="0"/>
        </file>
        <file name="routes.js" path="C:\Webserver\www\tests\desafio-tecnico-frontend-conexa\src\app\pages\appointment\routes.js">
          <metrics statements="4" coveredstatements="1" conditionals="0" coveredconditionals="0" methods="3" coveredmethods="0"/>
          <line num="1" count="3" type="stmt"/>
          <line num="4" count="0" type="stmt"/>
          <line num="11" count="0" type="stmt"/>
          <line num="18" count="0" type="stmt"/>
        </file>
      </package>
      <package name="src.app.pages.appointment.components">
        <metrics statements="19" coveredstatements="0" conditionals="6" coveredconditionals="0" methods="4" coveredmethods="0"/>
        <file name="FormBase.vue" path="C:\Webserver\www\tests\desafio-tecnico-frontend-conexa\src\app\pages\appointment\components\FormBase.vue">
          <metrics statements="19" coveredstatements="0" conditionals="6" coveredconditionals="0" methods="4" coveredmethods="0"/>
          <line num="2" count="0" type="stmt"/>
          <line num="3" count="0" type="stmt"/>
          <line num="9" count="0" type="stmt"/>
          <line num="26" count="0" type="stmt"/>
          <line num="28" count="0" type="stmt"/>
          <line num="29" count="0" type="stmt"/>
          <line num="30" count="0" type="stmt"/>
          <line num="31" count="0" type="stmt"/>
          <line num="32" count="0" type="stmt"/>
          <line num="37" count="0" type="cond" truecount="0" falsecount="2"/>
          <line num="38" count="0" type="stmt"/>
          <line num="39" count="0" type="stmt"/>
          <line num="40" count="0" type="stmt"/>
          <line num="44" count="0" type="stmt"/>
          <line num="45" count="0" type="stmt"/>
          <line num="47" count="0" type="cond" truecount="0" falsecount="2"/>
          <line num="48" count="0" type="stmt"/>
          <line num="50" count="0" type="cond" truecount="0" falsecount="2"/>
          <line num="51" count="0" type="stmt"/>
        </file>
      </package>
      <package name="src.app.pages.appointment.views">
        <metrics statements="41" coveredstatements="22" conditionals="27" coveredconditionals="14" methods="10" coveredmethods="5"/>
        <file name="AppointmentCreate.vue" path="C:\Webserver\www\tests\desafio-tecnico-frontend-conexa\src\app\pages\appointment\views\AppointmentCreate.vue">
          <metrics statements="13" coveredstatements="11" conditionals="7" coveredconditionals="6" methods="2" coveredmethods="2"/>
          <line num="2" count="1" type="stmt"/>
          <line num="3" count="1" type="stmt"/>
          <line num="4" count="1" type="stmt"/>
          <line num="5" count="1" type="stmt"/>
          <line num="10" count="5" type="stmt"/>
          <line num="12" count="25" type="cond" truecount="5" falsecount="0"/>
          <line num="14" count="2" type="stmt"/>
          <line num="15" count="1" type="stmt"/>
          <line num="16" count="1" type="stmt"/>
          <line num="17" count="1" type="cond" truecount="1" falsecount="1"/>
          <line num="18" count="0" type="stmt"/>
          <line num="19" count="0" type="stmt"/>
          <line num="22" count="1" type="stmt"/>
        </file>
        <file name="AppointmentDetails.vue" path="C:\Webserver\www\tests\desafio-tecnico-frontend-conexa\src\app\pages\appointment\views\AppointmentDetails.vue">
          <metrics statements="14" coveredstatements="0" conditionals="10" coveredconditionals="0" methods="5" coveredmethods="0"/>
          <line num="2" count="0" type="stmt"/>
          <line num="3" count="0" type="stmt"/>
          <line num="4" count="0" type="stmt"/>
          <line num="9" count="0" type="stmt"/>
          <line num="12" count="0" type="cond" truecount="0" falsecount="3"/>
          <line num="13" count="0" type="stmt"/>
          <line num="17" count="0" type="cond" truecount="0" falsecount="5"/>
          <line num="19" count="0" type="stmt"/>
          <line num="20" count="0" type="stmt"/>
          <line num="22" count="0" type="cond" truecount="0" falsecount="2"/>
          <line num="23" count="0" type="stmt"/>
          <line num="26" count="0" type="stmt"/>
          <line num="30" count="0" type="stmt"/>
          <line num="31" count="0" type="stmt"/>
        </file>
        <file name="AppointmentIndex.vue" path="C:\Webserver\www\tests\desafio-tecnico-frontend-conexa\src\app\pages\appointment\views\AppointmentIndex.vue">
          <metrics statements="14" coveredstatements="11" conditionals="10" coveredconditionals="8" methods="3" coveredmethods="3"/>
          <line num="2" count="1" type="stmt"/>
          <line num="3" count="1" type="stmt"/>
          <line num="4" count="1" type="stmt"/>
          <line num="5" count="1" type="stmt"/>
          <line num="6" count="1" type="stmt"/>
          <line num="15" count="6" type="stmt"/>
          <line num="31" count="60" type="cond" truecount="3" falsecount="0"/>
          <line num="35" count="84" type="cond" truecount="4" falsecount="1"/>
          <line num="37" count="6" type="stmt"/>
          <line num="38" count="6" type="stmt"/>
          <line num="40" count="6" type="cond" truecount="1" falsecount="1"/>
          <line num="41" count="0" type="stmt"/>
          <line num="42" count="0" type="stmt"/>
          <line num="45" count="0" type="stmt"/>
        </file>
      </package>
      <package name="src.app.pages.auth">
        <metrics statements="2" coveredstatements="1" conditionals="0" coveredconditionals="0" methods="1" coveredmethods="0"/>
        <file name="index.js" path="C:\Webserver\www\tests\desafio-tecnico-frontend-conexa\src\app\pages\auth\index.js">
          <metrics statements="0" coveredstatements="0" conditionals="0" coveredconditionals="0" methods="0" coveredmethods="0"/>
        </file>
        <file name="routes.js" path="C:\Webserver\www\tests\desafio-tecnico-frontend-conexa\src\app\pages\auth\routes.js">
          <metrics statements="2" coveredstatements="1" conditionals="0" coveredconditionals="0" methods="1" coveredmethods="0"/>
          <line num="1" count="3" type="stmt"/>
          <line num="4" count="0" type="stmt"/>
        </file>
      </package>
      <package name="src.app.pages.auth.components">
        <metrics statements="10" coveredstatements="6" conditionals="0" coveredconditionals="0" methods="5" coveredmethods="2"/>
        <file name="FormLogin.vue" path="C:\Webserver\www\tests\desafio-tecnico-frontend-conexa\src\app\pages\auth\components\FormLogin.vue">
          <metrics statements="8" coveredstatements="4" conditionals="0" coveredconditionals="0" methods="4" coveredmethods="1"/>
          <line num="32" count="3" type="stmt"/>
          <line num="33" count="3" type="stmt"/>
          <line num="34" count="3" type="stmt"/>
          <line num="40" count="1" type="stmt"/>
          <line num="49" count="0" type="stmt"/>
          <line num="50" count="0" type="stmt"/>
          <line num="52" count="0" type="stmt"/>
          <line num="54" count="0" type="stmt"/>
        </file>
        <file name="LayoutBase.vue" path="C:\Webserver\www\tests\desafio-tecnico-frontend-conexa\src\app\pages\auth\components\LayoutBase.vue">
          <metrics statements="2" coveredstatements="2" conditionals="0" coveredconditionals="0" methods="1" coveredmethods="1"/>
          <line num="21" count="3" type="stmt"/>
          <line num="30" count="2" type="stmt"/>
        </file>
      </package>
      <package name="src.app.pages.auth.views">
        <metrics statements="3" coveredstatements="3" conditionals="0" coveredconditionals="0" methods="1" coveredmethods="1"/>
        <file name="AuthIndex.vue" path="C:\Webserver\www\tests\desafio-tecnico-frontend-conexa\src\app\pages\auth\views\AuthIndex.vue">
          <metrics statements="3" coveredstatements="3" conditionals="0" coveredconditionals="0" methods="1" coveredmethods="1"/>
          <line num="2" count="3" type="stmt"/>
          <line num="3" count="3" type="stmt"/>
          <line num="8" count="2" type="stmt"/>
        </file>
      </package>
      <package name="src.app.pages.dashboard">
        <metrics statements="2" coveredstatements="1" conditionals="0" coveredconditionals="0" methods="1" coveredmethods="0"/>
        <file name="index.js" path="C:\Webserver\www\tests\desafio-tecnico-frontend-conexa\src\app\pages\dashboard\index.js">
          <metrics statements="0" coveredstatements="0" conditionals="0" coveredconditionals="0" methods="0" coveredmethods="0"/>
        </file>
        <file name="routes.js" path="C:\Webserver\www\tests\desafio-tecnico-frontend-conexa\src\app\pages\dashboard\routes.js">
          <metrics statements="2" coveredstatements="1" conditionals="0" coveredconditionals="0" methods="1" coveredmethods="0"/>
          <line num="1" count="3" type="stmt"/>
          <line num="4" count="0" type="stmt"/>
        </file>
      </package>
      <package name="src.app.pages.dashboard.views">
        <metrics statements="2" coveredstatements="2" conditionals="0" coveredconditionals="0" methods="1" coveredmethods="1"/>
        <file name="DashboardIndex.vue" path="C:\Webserver\www\tests\desafio-tecnico-frontend-conexa\src\app\pages\dashboard\views\DashboardIndex.vue">
          <metrics statements="2" coveredstatements="2" conditionals="0" coveredconditionals="0" methods="1" coveredmethods="1"/>
          <line num="2" count="1" type="stmt"/>
          <line num="7" count="1" type="stmt"/>
        </file>
      </package>
      <package name="src.app.supports.http">
        <metrics statements="10" coveredstatements="3" conditionals="2" coveredconditionals="0" methods="5" coveredmethods="0"/>
        <file name="config.js" path="C:\Webserver\www\tests\desafio-tecnico-frontend-conexa\src\app\supports\http\config.js">
          <metrics statements="10" coveredstatements="3" conditionals="2" coveredconditionals="0" methods="5" coveredmethods="0"/>
          <line num="6" count="3" type="stmt"/>
          <line num="11" count="3" type="stmt"/>
          <line num="12" count="0" type="stmt"/>
          <line num="13" count="0" type="stmt"/>
          <line num="15" count="0" type="stmt"/>
          <line num="19" count="3" type="stmt"/>
          <line num="20" count="0" type="stmt"/>
          <line num="22" count="0" type="cond" truecount="0" falsecount="2"/>
          <line num="23" count="0" type="stmt"/>
          <line num="25" count="0" type="stmt"/>
        </file>
      </package>
      <package name="src.app.supports.services">
        <metrics statements="17" coveredstatements="9" conditionals="4" coveredconditionals="2" methods="14" coveredmethods="7"/>
        <file name="http-services.js" path="C:\Webserver\www\tests\desafio-tecnico-frontend-conexa\src\app\supports\services\http-services.js">
          <metrics statements="9" coveredstatements="5" conditionals="1" coveredconditionals="1" methods="8" coveredmethods="4"/>
          <line num="3" count="3" type="stmt"/>
          <line num="9" count="8" type="stmt"/>
          <line num="10" count="8" type="stmt"/>
          <line num="20" count="3" type="stmt"/>
          <line num="21" count="3" type="stmt"/>
          <line num="31" count="0" type="stmt"/>
          <line num="32" count="0" type="stmt"/>
          <line num="42" count="0" type="stmt"/>
          <line num="43" count="0" type="stmt"/>
        </file>
        <file name="rest-services.js" path="C:\Webserver\www\tests\desafio-tecnico-frontend-conexa\src\app\supports\services\rest-services.js">
          <metrics statements="8" coveredstatements="4" conditionals="3" coveredconditionals="1" methods="6" coveredmethods="3"/>
          <line num="12" count="3" type="stmt"/>
          <line num="20" count="0" type="stmt"/>
          <line num="28" count="1" type="stmt"/>
          <line num="36" count="0" type="stmt"/>
          <line num="44" count="1" type="cond" truecount="1" falsecount="1"/>
          <line num="45" count="0" type="stmt"/>
          <line num="47" count="1" type="stmt"/>
          <line num="55" count="0" type="stmt"/>
        </file>
      </package>
      <package name="src.app.supports.utils">
        <metrics statements="2" coveredstatements="1" conditionals="0" coveredconditionals="0" methods="0" coveredmethods="0"/>
        <file name="collection.js" path="C:\Webserver\www\tests\desafio-tecnico-frontend-conexa\src\app\supports\utils\collection.js">
          <metrics statements="1" coveredstatements="0" conditionals="0" coveredconditionals="0" methods="0" coveredmethods="0"/>
          <line num="1" count="0" type="stmt"/>
        </file>
        <file name="context.js" path="C:\Webserver\www\tests\desafio-tecnico-frontend-conexa\src\app\supports\utils\context.js">
          <metrics statements="1" coveredstatements="1" conditionals="0" coveredconditionals="0" methods="0" coveredmethods="0"/>
          <line num="5" count="3" type="stmt"/>
        </file>
      </package>
      <package name="src.components.dialog">
        <metrics statements="4" coveredstatements="0" conditionals="0" coveredconditionals="0" methods="4" coveredmethods="0"/>
        <file name="DialogConfirm.vue" path="C:\Webserver\www\tests\desafio-tecnico-frontend-conexa\src\components\dialog\DialogConfirm.vue">
          <metrics statements="4" coveredstatements="0" conditionals="0" coveredconditionals="0" methods="4" coveredmethods="0"/>
          <line num="4" count="0" type="stmt"/>
          <line num="8" count="0" type="stmt"/>
          <line num="13" count="0" type="stmt"/>
          <line num="16" count="0" type="stmt"/>
        </file>
      </package>
      <package name="src.components.form">
        <metrics statements="6" coveredstatements="2" conditionals="0" coveredconditionals="0" methods="4" coveredmethods="1"/>
        <file name="AppInput.vue" path="C:\Webserver\www\tests\desafio-tecnico-frontend-conexa\src\components\form\AppInput.vue">
          <metrics statements="3" coveredstatements="2" conditionals="0" coveredconditionals="0" methods="2" coveredmethods="1"/>
          <line num="26" count="7" type="stmt"/>
          <line num="28" count="7" type="stmt"/>
          <line num="32" count="0" type="stmt"/>
        </file>
        <file name="AppTextarea.vue" path="C:\Webserver\www\tests\desafio-tecnico-frontend-conexa\src\components\form\AppTextarea.vue">
          <metrics statements="3" coveredstatements="0" conditionals="0" coveredconditionals="0" methods="2" coveredmethods="0"/>
          <line num="26" count="0" type="stmt"/>
          <line num="28" count="0" type="stmt"/>
          <line num="32" count="0" type="stmt"/>
        </file>
      </package>
      <package name="src.components.layouts">
        <metrics statements="11" coveredstatements="7" conditionals="0" coveredconditionals="0" methods="4" coveredmethods="2"/>
        <file name="LayoutAuth.vue" path="C:\Webserver\www\tests\desafio-tecnico-frontend-conexa\src\components\layouts\LayoutAuth.vue">
          <metrics statements="1" coveredstatements="1" conditionals="0" coveredconditionals="0" methods="0" coveredmethods="0"/>
          <line num="2" count="2" type="stmt"/>
        </file>
        <file name="LayoutExternal.vue" path="C:\Webserver\www\tests\desafio-tecnico-frontend-conexa\src\components\layouts\LayoutExternal.vue">
          <metrics statements="2" coveredstatements="2" conditionals="0" coveredconditionals="0" methods="1" coveredmethods="1"/>
          <line num="2" count="2" type="stmt"/>
          <line num="6" count="1" type="stmt"/>
        </file>
        <file name="Menu.vue" path="C:\Webserver\www\tests\desafio-tecnico-frontend-conexa\src\components\layouts\Menu.vue">
          <metrics statements="7" coveredstatements="3" conditionals="0" coveredconditionals="0" methods="3" coveredmethods="1"/>
          <line num="2" count="4" type="stmt"/>
          <line num="3" count="4" type="stmt"/>
          <line num="8" count="5" type="stmt"/>
          <line num="31" count="0" type="stmt"/>
          <line num="32" count="0" type="stmt"/>
          <line num="33" count="0" type="stmt"/>
          <line num="34" count="0" type="stmt"/>
        </file>
        <file name="Sidebar.vue" path="C:\Webserver\www\tests\desafio-tecnico-frontend-conexa\src\components\layouts\Sidebar.vue">
          <metrics statements="1" coveredstatements="1" conditionals="0" coveredconditionals="0" methods="0" coveredmethods="0"/>
          <line num="2" count="3" type="stmt"/>
        </file>
      </package>
      <package name="src.components.table">
        <metrics statements="10" coveredstatements="3" conditionals="2" coveredconditionals="0" methods="7" coveredmethods="3"/>
        <file name="AppTable.vue" path="C:\Webserver\www\tests\desafio-tecnico-frontend-conexa\src\components\table\AppTable.vue">
          <metrics statements="10" coveredstatements="3" conditionals="2" coveredconditionals="0" methods="7" coveredmethods="3"/>
          <line num="4" count="4" type="stmt"/>
          <line num="14" count="0" type="stmt"/>
          <line num="19" count="4" type="stmt"/>
          <line num="28" count="1" type="stmt"/>
          <line num="33" count="0" type="stmt"/>
          <line num="38" count="0" type="stmt"/>
          <line num="39" count="0" type="stmt"/>
          <line num="41" count="0" type="cond" truecount="0" falsecount="2"/>
          <line num="42" count="0" type="stmt"/>
          <line num="46" count="0" type="stmt"/>
        </file>
      </package>
      <package name="src.router">
        <metrics statements="6" coveredstatements="1" conditionals="8" coveredconditionals="0" methods="3" coveredmethods="0"/>
        <file name="before-each.js" path="C:\Webserver\www\tests\desafio-tecnico-frontend-conexa\src\router\before-each.js">
          <metrics statements="6" coveredstatements="1" conditionals="8" coveredconditionals="0" methods="3" coveredmethods="0"/>
          <line num="2" count="3" type="stmt"/>
          <line num="11" count="0" type="stmt"/>
          <line num="13" count="0" type="cond" truecount="0" falsecount="4"/>
          <line num="14" count="0" type="stmt"/>
          <line num="15" count="0" type="cond" truecount="0" falsecount="4"/>
          <line num="16" count="0" type="stmt"/>
        </file>
        <file name="routes.js" path="C:\Webserver\www\tests\desafio-tecnico-frontend-conexa\src\router\routes.js">
          <metrics statements="0" coveredstatements="0" conditionals="0" coveredconditionals="0" methods="0" coveredmethods="0"/>
        </file>
      </package>
      <package name="src.store">
        <metrics statements="3" coveredstatements="0" conditionals="0" coveredconditionals="0" methods="0" coveredmethods="0"/>
        <file name="index.js" path="C:\Webserver\www\tests\desafio-tecnico-frontend-conexa\src\store\index.js">
          <metrics statements="3" coveredstatements="0" conditionals="0" coveredconditionals="0" methods="0" coveredmethods="0"/>
          <line num="1" count="0" type="stmt"/>
          <line num="2" count="0" type="stmt"/>
          <line num="5" count="0" type="stmt"/>
        </file>
      </package>
    </metrics>
  </project>
</coverage>
