{"C:\\Webserver\\www\\tests\\desafio-tecnico-frontend-conexa\\src\\App.vue": {"path":"C:\\Webserver\\www\\tests\\desafio-tecnico-frontend-conexa\\src\\App.vue","statementMap":{"0":{"start":{"line":2,"column":0},"end":{"line":null,"column":-1}},"1":{"start":{"line":3,"column":0},"end":{"line":null,"column":-1}},"2":{"start":{"line":4,"column":0},"end":{"line":null,"column":-1}},"3":{"start":{"line":5,"column":0},"end":{"line":null,"column":-1}}},"fnMap":{},"branchMap":{},"s":{"0":0,"1":0,"2":0,"3":0},"f":{},"b":{}}
,"C:\\Webserver\\www\\tests\\desafio-tecnico-frontend-conexa\\src\\app\\domains\\appointment\\services\\appointment-service.js": {"path":"C:\\Webserver\\www\\tests\\desafio-tecnico-frontend-conexa\\src\\app\\domains\\appointment\\services\\appointment-service.js","statementMap":{"0":{"start":{"line":13,"column":4},"end":{"line":13,"column":48}}},"fnMap":{"0":{"name":"(anonymous_0)","decl":{"start":{"line":12,"column":2},"end":{"line":12,"column":3}},"loc":{"start":{"line":12,"column":20},"end":{"line":14,"column":3}},"line":12}},"branchMap":{"0":{"loc":{"start":{"line":12,"column":7},"end":{"line":12,"column":18}},"type":"default-arg","locations":[{"start":{"line":12,"column":16},"end":{"line":12,"column":18}}],"line":12}},"s":{"0":7},"f":{"0":7},"b":{"0":[7]},"_coverageSchema":"332fd63041d2c1bcb487cc26dd0d5f7d97098a6c","hash":"cc2dc1e9ea64a73d5e221971b72be7bc117bd8f8"}
,"C:\\Webserver\\www\\tests\\desafio-tecnico-frontend-conexa\\src\\app\\domains\\users\\services\\user-service.js": {"path":"C:\\Webserver\\www\\tests\\desafio-tecnico-frontend-conexa\\src\\app\\domains\\users\\services\\user-service.js","statementMap":{"0":{"start":{"line":5,"column":4},"end":{"line":5,"column":44}}},"fnMap":{"0":{"name":"(anonymous_0)","decl":{"start":{"line":4,"column":2},"end":{"line":4,"column":3}},"loc":{"start":{"line":4,"column":22},"end":{"line":6,"column":3}},"line":4}},"branchMap":{},"s":{"0":0},"f":{"0":0},"b":{},"_coverageSchema":"332fd63041d2c1bcb487cc26dd0d5f7d97098a6c","hash":"b45873154e033596e51624c5a740d78e8f21d1b4"}
,"C:\\Webserver\\www\\tests\\desafio-tecnico-frontend-conexa\\src\\app\\domains\\users\\storage\\user-storage.js": {"path":"C:\\Webserver\\www\\tests\\desafio-tecnico-frontend-conexa\\src\\app\\domains\\users\\storage\\user-storage.js","statementMap":{"0":{"start":{"line":1,"column":26},"end":{"line":1,"column":39}},"1":{"start":{"line":3,"column":20},"end":{"line":28,"column":1}},"2":{"start":{"line":5,"column":4},"end":{"line":5,"column":65}},"3":{"start":{"line":8,"column":21},"end":{"line":8,"column":67}},"4":{"start":{"line":10,"column":4},"end":{"line":12,"column":5}},"5":{"start":{"line":11,"column":6},"end":{"line":11,"column":64}},"6":{"start":{"line":14,"column":4},"end":{"line":14,"column":13}},"7":{"start":{"line":17,"column":21},"end":{"line":17,"column":67}},"8":{"start":{"line":19,"column":4},"end":{"line":22,"column":5}},"9":{"start":{"line":20,"column":19},"end":{"line":20,"column":70}},"10":{"start":{"line":21,"column":6},"end":{"line":21,"column":23}},"11":{"start":{"line":23,"column":4},"end":{"line":23,"column":13}},"12":{"start":{"line":26,"column":4},"end":{"line":26,"column":46}}},"fnMap":{"0":{"name":"(anonymous_0)","decl":{"start":{"line":4,"column":9},"end":{"line":4,"column":10}},"loc":{"start":{"line":4,"column":19},"end":{"line":6,"column":3}},"line":4},"1":{"name":"(anonymous_1)","decl":{"start":{"line":7,"column":11},"end":{"line":7,"column":12}},"loc":{"start":{"line":7,"column":17},"end":{"line":15,"column":3}},"line":7},"2":{"name":"(anonymous_2)","decl":{"start":{"line":16,"column":12},"end":{"line":16,"column":13}},"loc":{"start":{"line":16,"column":18},"end":{"line":24,"column":3}},"line":16},"3":{"name":"(anonymous_3)","decl":{"start":{"line":25,"column":16},"end":{"line":25,"column":17}},"loc":{"start":{"line":25,"column":22},"end":{"line":27,"column":3}},"line":25}},"branchMap":{"0":{"loc":{"start":{"line":10,"column":4},"end":{"line":12,"column":5}},"type":"if","locations":[{"start":{"line":10,"column":4},"end":{"line":12,"column":5}},{"start":{"line":10,"column":4},"end":{"line":12,"column":5}}],"line":10},"1":{"loc":{"start":{"line":19,"column":4},"end":{"line":22,"column":5}},"type":"if","locations":[{"start":{"line":19,"column":4},"end":{"line":22,"column":5}},{"start":{"line":19,"column":4},"end":{"line":22,"column":5}}],"line":19}},"s":{"0":3,"1":3,"2":0,"3":3,"4":3,"5":0,"6":3,"7":3,"8":3,"9":0,"10":0,"11":3,"12":0},"f":{"0":0,"1":3,"2":3,"3":0},"b":{"0":[0,3],"1":[0,3]},"_coverageSchema":"332fd63041d2c1bcb487cc26dd0d5f7d97098a6c","hash":"295bac3c509f1cff8471b3e8df85ebef8ef53aac"}
,"C:\\Webserver\\www\\tests\\desafio-tecnico-frontend-conexa\\src\\app\\domains\\users\\vuex-module\\index.js": {"path":"C:\\Webserver\\www\\tests\\desafio-tecnico-frontend-conexa\\src\\app\\domains\\users\\vuex-module\\index.js","statementMap":{"0":{"start":{"line":4,"column":20},"end":{"line":4,"column":33}},"1":{"start":{"line":5,"column":21},"end":{"line":5,"column":35}},"2":{"start":{"line":6,"column":27},"end":{"line":6,"column":47}},"3":{"start":{"line":15,"column":31},"end":{"line":15,"column":75}},"4":{"start":{"line":16,"column":21},"end":{"line":16,"column":38}},"5":{"start":{"line":17,"column":22},"end":{"line":17,"column":40}},"6":{"start":{"line":21,"column":6},"end":{"line":21,"column":26}},"7":{"start":{"line":24,"column":6},"end":{"line":24,"column":27}},"8":{"start":{"line":27,"column":6},"end":{"line":27,"column":21}},"9":{"start":{"line":28,"column":6},"end":{"line":28,"column":22}},"10":{"start":{"line":33,"column":6},"end":{"line":44,"column":39}},"11":{"start":{"line":34,"column":43},"end":{"line":34,"column":46}},"12":{"start":{"line":35,"column":8},"end":{"line":42,"column":9}},"13":{"start":{"line":36,"column":23},"end":{"line":36,"column":36}},"14":{"start":{"line":37,"column":10},"end":{"line":37,"column":24}},"15":{"start":{"line":39,"column":10},"end":{"line":39,"column":35}},"16":{"start":{"line":40,"column":10},"end":{"line":40,"column":42}},"17":{"start":{"line":41,"column":10},"end":{"line":41,"column":33}},"18":{"start":{"line":43,"column":8},"end":{"line":43,"column":23}},"19":{"start":{"line":44,"column":24},"end":{"line":44,"column":38}},"20":{"start":{"line":47,"column":6},"end":{"line":47,"column":36}},"21":{"start":{"line":48,"column":6},"end":{"line":48,"column":32}},"22":{"start":{"line":49,"column":6},"end":{"line":49,"column":17}}},"fnMap":{"0":{"name":"(anonymous_0)","decl":{"start":{"line":15,"column":20},"end":{"line":15,"column":21}},"loc":{"start":{"line":15,"column":29},"end":{"line":15,"column":77}},"line":15},"1":{"name":"(anonymous_1)","decl":{"start":{"line":16,"column":10},"end":{"line":16,"column":11}},"loc":{"start":{"line":16,"column":19},"end":{"line":16,"column":40}},"line":16},"2":{"name":"(anonymous_2)","decl":{"start":{"line":17,"column":11},"end":{"line":17,"column":12}},"loc":{"start":{"line":17,"column":20},"end":{"line":17,"column":42}},"line":17},"3":{"name":"(anonymous_3)","decl":{"start":{"line":33,"column":52},"end":{"line":33,"column":53}},"loc":{"start":{"line":33,"column":59},"end":{"line":44,"column":7}},"line":33},"4":{"name":"(anonymous_4)","decl":{"start":{"line":44,"column":15},"end":{"line":44,"column":16}},"loc":{"start":{"line":44,"column":24},"end":{"line":44,"column":38}},"line":44}},"branchMap":{"0":{"loc":{"start":{"line":35,"column":8},"end":{"line":42,"column":9}},"type":"if","locations":[{"start":{"line":35,"column":8},"end":{"line":42,"column":9}},{"start":{"line":35,"column":8},"end":{"line":42,"column":9}}],"line":35},"1":{"loc":{"start":{"line":35,"column":12},"end":{"line":35,"column":48}},"type":"binary-expr","locations":[{"start":{"line":35,"column":12},"end":{"line":35,"column":26}},{"start":{"line":35,"column":30},"end":{"line":35,"column":48}}],"line":35}},"s":{"0":3,"1":3,"2":3,"3":0,"4":0,"5":0,"6":0,"7":0,"8":0,"9":0,"10":0,"11":0,"12":0,"13":0,"14":0,"15":0,"16":0,"17":0,"18":0,"19":0,"20":0,"21":0,"22":0},"f":{"0":0,"1":0,"2":0,"3":0,"4":0},"b":{"0":[0,0],"1":[0,0]},"_coverageSchema":"332fd63041d2c1bcb487cc26dd0d5f7d97098a6c","hash":"f678189852fe5c9397560530a18214bca0373e33"}
,"C:\\Webserver\\www\\tests\\desafio-tecnico-frontend-conexa\\src\\app\\pages\\index.js": {"path":"C:\\Webserver\\www\\tests\\desafio-tecnico-frontend-conexa\\src\\app\\pages\\index.js","statementMap":{},"fnMap":{},"branchMap":{},"s":{},"f":{},"b":{},"_coverageSchema":"332fd63041d2c1bcb487cc26dd0d5f7d97098a6c","hash":"36e8f0bb988880c53b77ec7ab150b5d12edb643c"}
,"C:\\Webserver\\www\\tests\\desafio-tecnico-frontend-conexa\\src\\app\\pages\\routes.js": {"path":"C:\\Webserver\\www\\tests\\desafio-tecnico-frontend-conexa\\src\\app\\pages\\routes.js","statementMap":{},"fnMap":{},"branchMap":{},"s":{},"f":{},"b":{},"_coverageSchema":"332fd63041d2c1bcb487cc26dd0d5f7d97098a6c","hash":"f4c1e023847d86793473a81282415cdb8e5705fc"}
,"C:\\Webserver\\www\\tests\\desafio-tecnico-frontend-conexa\\src\\app\\pages\\appointment\\index.js": {"path":"C:\\Webserver\\www\\tests\\desafio-tecnico-frontend-conexa\\src\\app\\pages\\appointment\\index.js","statementMap":{},"fnMap":{},"branchMap":{},"s":{},"f":{},"b":{},"_coverageSchema":"332fd63041d2c1bcb487cc26dd0d5f7d97098a6c","hash":"304bac9ef91320620f2b6138e0389b4654a2cca2"}
,"C:\\Webserver\\www\\tests\\desafio-tecnico-frontend-conexa\\src\\app\\pages\\appointment\\routes.js": {"path":"C:\\Webserver\\www\\tests\\desafio-tecnico-frontend-conexa\\src\\app\\pages\\appointment\\routes.js","statementMap":{"0":{"start":{"line":1,"column":15},"end":{"line":24,"column":1}},"1":{"start":{"line":4,"column":21},"end":{"line":4,"column":55}},"2":{"start":{"line":11,"column":21},"end":{"line":11,"column":56}},"3":{"start":{"line":18,"column":21},"end":{"line":18,"column":57}}},"fnMap":{"0":{"name":"(anonymous_0)","decl":{"start":{"line":4,"column":15},"end":{"line":4,"column":16}},"loc":{"start":{"line":4,"column":21},"end":{"line":4,"column":55}},"line":4},"1":{"name":"(anonymous_1)","decl":{"start":{"line":11,"column":15},"end":{"line":11,"column":16}},"loc":{"start":{"line":11,"column":21},"end":{"line":11,"column":56}},"line":11},"2":{"name":"(anonymous_2)","decl":{"start":{"line":18,"column":15},"end":{"line":18,"column":16}},"loc":{"start":{"line":18,"column":21},"end":{"line":18,"column":57}},"line":18}},"branchMap":{},"s":{"0":3,"1":0,"2":0,"3":0},"f":{"0":0,"1":0,"2":0},"b":{},"_coverageSchema":"332fd63041d2c1bcb487cc26dd0d5f7d97098a6c","hash":"b1912380a11873811164bc35c6dbe6864f5d623a"}
,"C:\\Webserver\\www\\tests\\desafio-tecnico-frontend-conexa\\src\\app\\pages\\appointment\\components\\FormBase.vue": {"path":"C:\\Webserver\\www\\tests\\desafio-tecnico-frontend-conexa\\src\\app\\pages\\appointment\\components\\FormBase.vue","statementMap":{"0":{"start":{"line":2,"column":0},"end":{"line":null,"column":-1}},"1":{"start":{"line":3,"column":0},"end":{"line":null,"column":-1}},"2":{"start":{"line":9,"column":0},"end":{"line":null,"column":-1}},"3":{"start":{"line":26,"column":0},"end":{"line":null,"column":-1}},"4":{"start":{"line":28,"column":0},"end":{"line":null,"column":-1}},"5":{"start":{"line":29,"column":0},"end":{"line":null,"column":-1}},"6":{"start":{"line":30,"column":0},"end":{"line":null,"column":-1}},"7":{"start":{"line":31,"column":0},"end":{"line":null,"column":-1}},"8":{"start":{"line":32,"column":0},"end":{"line":null,"column":-1}},"9":{"start":{"line":37,"column":0},"end":{"line":41,"column":0}},"10":{"start":{"line":38,"column":0},"end":{"line":null,"column":-1}},"11":{"start":{"line":39,"column":0},"end":{"line":null,"column":-1}},"12":{"start":{"line":40,"column":0},"end":{"line":null,"column":-1}},"13":{"start":{"line":44,"column":0},"end":{"line":null,"column":-1}},"14":{"start":{"line":45,"column":0},"end":{"line":null,"column":-1}},"15":{"start":{"line":47,"column":0},"end":{"line":49,"column":0}},"16":{"start":{"line":48,"column":0},"end":{"line":null,"column":-1}},"17":{"start":{"line":50,"column":0},"end":{"line":52,"column":0}},"18":{"start":{"line":51,"column":0},"end":{"line":null,"column":-1}}},"fnMap":{"0":{"name":"data","decl":{"start":{"line":8,"column":0},"end":{"line":null,"column":-1}},"loc":{"start":{"line":8,"column":0},"end":{"line":18,"column":0}}},"1":{"name":"appointment","decl":{"start":{"line":26,"column":0},"end":{"line":null,"column":-1}},"loc":{"start":{"line":26,"column":0},"end":{"line":33,"column":0}}},"2":{"name":"handleSubmit","decl":{"start":{"line":36,"column":0},"end":{"line":null,"column":-1}},"loc":{"start":{"line":36,"column":0},"end":{"line":42,"column":0}}},"3":{"name":"validate","decl":{"start":{"line":43,"column":0},"end":{"line":null,"column":-1}},"loc":{"start":{"line":43,"column":0},"end":{"line":53,"column":0}}}},"branchMap":{"0":{"loc":{"start":{"line":37,"column":0},"end":{"line":41,"column":0}},"type":"if","locations":[{"start":{"line":37,"column":0},"end":{"line":41,"column":0}},{"start":{"line":37,"column":0},"end":{"line":41,"column":0}}]},"1":{"loc":{"start":{"line":47,"column":0},"end":{"line":49,"column":0}},"type":"if","locations":[{"start":{"line":47,"column":0},"end":{"line":49,"column":0}},{"start":{"line":47,"column":0},"end":{"line":49,"column":0}}]},"2":{"loc":{"start":{"line":50,"column":0},"end":{"line":52,"column":0}},"type":"if","locations":[{"start":{"line":50,"column":0},"end":{"line":52,"column":0}},{"start":{"line":50,"column":0},"end":{"line":52,"column":0}}]}},"s":{"0":0,"1":0,"2":0,"3":0,"4":0,"5":0,"6":0,"7":0,"8":0,"9":0,"10":0,"11":0,"12":0,"13":0,"14":0,"15":0,"16":0,"17":0,"18":0},"f":{"0":0,"1":0,"2":0,"3":0},"b":{"0":[0,0],"1":[0,0],"2":[0,0]}}
,"C:\\Webserver\\www\\tests\\desafio-tecnico-frontend-conexa\\src\\app\\pages\\appointment\\views\\AppointmentCreate.vue": {"path":"C:\\Webserver\\www\\tests\\desafio-tecnico-frontend-conexa\\src\\app\\pages\\appointment\\views\\AppointmentCreate.vue","statementMap":{"0":{"start":{"line":2,"column":0},"end":{"line":null,"column":-1}},"1":{"start":{"line":3,"column":0},"end":{"line":null,"column":-1}},"2":{"start":{"line":4,"column":0},"end":{"line":null,"column":-1}},"3":{"start":{"line":5,"column":0},"end":{"line":null,"column":-1}},"4":{"start":{"line":10,"column":0},"end":{"line":null,"column":-1}},"5":{"start":{"line":12,"column":0},"end":{"line":null,"column":-1}},"6":{"start":{"line":14,"column":0},"end":{"line":null,"column":-1}},"7":{"start":{"line":15,"column":0},"end":{"line":null,"column":-1}},"8":{"start":{"line":16,"column":0},"end":{"line":null,"column":-1}},"9":{"start":{"line":17,"column":0},"end":{"line":20,"column":0}},"10":{"start":{"line":18,"column":0},"end":{"line":null,"column":-1}},"11":{"start":{"line":19,"column":0},"end":{"line":null,"column":-1}},"12":{"start":{"line":22,"column":0},"end":{"line":null,"column":-1}}},"fnMap":{"0":{"name":"data","decl":{"start":{"line":10,"column":0},"end":{"line":null,"column":-1}},"loc":{"start":{"line":10,"column":0},"end":{"line":null,"column":-1}}},"1":{"name":"onSubmit","decl":{"start":{"line":12,"column":0},"end":{"line":null,"column":-1}},"loc":{"start":{"line":12,"column":0},"end":{"line":24,"column":0}}}},"branchMap":{"0":{"loc":{"start":{"line":12,"column":0},"end":{"line":null,"column":-1}},"type":"switch","locations":[{"start":{"line":12,"column":0},"end":{"line":null,"column":-1}},{"start":{"line":12,"column":0},"end":{"line":null,"column":-1}},{"start":{"line":12,"column":0},"end":{"line":22,"column":0}},{"start":{"line":12,"column":0},"end":{"line":null,"column":-1}},{"start":{"line":12,"column":0},"end":{"line":null,"column":-1}}]},"1":{"loc":{"start":{"line":17,"column":0},"end":{"line":20,"column":0}},"type":"if","locations":[{"start":{"line":17,"column":0},"end":{"line":20,"column":0}},{"start":{"line":17,"column":0},"end":{"line":20,"column":0}}]}},"s":{"0":1,"1":1,"2":1,"3":1,"4":5,"5":25,"6":2,"7":1,"8":1,"9":1,"10":0,"11":0,"12":1},"f":{"0":5,"1":8},"b":{"0":[2,1,1,2,2],"1":[0,1]}}
,"C:\\Webserver\\www\\tests\\desafio-tecnico-frontend-conexa\\src\\app\\pages\\appointment\\views\\AppointmentDetails.vue": {"path":"C:\\Webserver\\www\\tests\\desafio-tecnico-frontend-conexa\\src\\app\\pages\\appointment\\views\\AppointmentDetails.vue","statementMap":{"0":{"start":{"line":2,"column":0},"end":{"line":null,"column":-1}},"1":{"start":{"line":3,"column":0},"end":{"line":null,"column":-1}},"2":{"start":{"line":4,"column":0},"end":{"line":null,"column":-1}},"3":{"start":{"line":9,"column":0},"end":{"line":null,"column":-1}},"4":{"start":{"line":12,"column":0},"end":{"line":null,"column":-1}},"5":{"start":{"line":13,"column":0},"end":{"line":null,"column":-1}},"6":{"start":{"line":17,"column":0},"end":{"line":null,"column":-1}},"7":{"start":{"line":19,"column":0},"end":{"line":null,"column":-1}},"8":{"start":{"line":20,"column":0},"end":{"line":null,"column":-1}},"9":{"start":{"line":22,"column":0},"end":{"line":24,"column":0}},"10":{"start":{"line":23,"column":0},"end":{"line":null,"column":-1}},"11":{"start":{"line":26,"column":0},"end":{"line":null,"column":-1}},"12":{"start":{"line":30,"column":0},"end":{"line":32,"column":0}},"13":{"start":{"line":31,"column":0},"end":{"line":null,"column":-1}}},"fnMap":{"0":{"name":"data","decl":{"start":{"line":9,"column":0},"end":{"line":null,"column":-1}},"loc":{"start":{"line":9,"column":0},"end":{"line":null,"column":-1}}},"1":{"name":"mounted","decl":{"start":{"line":12,"column":0},"end":{"line":null,"column":-1}},"loc":{"start":{"line":12,"column":0},"end":{"line":15,"column":0}}},"2":{"name":"getAppointmentById","decl":{"start":{"line":17,"column":0},"end":{"line":null,"column":-1}},"loc":{"start":{"line":17,"column":0},"end":{"line":28,"column":0}}},"3":{"name":"print","decl":{"start":{"line":29,"column":0},"end":{"line":null,"column":-1}},"loc":{"start":{"line":29,"column":0},"end":{"line":33,"column":0}}},"4":{"name":"(anonymous_10)","decl":{"start":{"line":30,"column":0},"end":{"line":null,"column":-1}},"loc":{"start":{"line":30,"column":0},"end":{"line":32,"column":0}}}},"branchMap":{"0":{"loc":{"start":{"line":12,"column":0},"end":{"line":null,"column":-1}},"type":"switch","locations":[{"start":{"line":12,"column":0},"end":{"line":null,"column":-1}},{"start":{"line":12,"column":0},"end":{"line":null,"column":-1}},{"start":{"line":12,"column":0},"end":{"line":null,"column":-1}}]},"1":{"loc":{"start":{"line":17,"column":0},"end":{"line":null,"column":-1}},"type":"switch","locations":[{"start":{"line":17,"column":0},"end":{"line":null,"column":-1}},{"start":{"line":17,"column":0},"end":{"line":null,"column":-1}},{"start":{"line":17,"column":0},"end":{"line":26,"column":0}},{"start":{"line":17,"column":0},"end":{"line":null,"column":-1}},{"start":{"line":17,"column":0},"end":{"line":null,"column":-1}}]},"2":{"loc":{"start":{"line":22,"column":0},"end":{"line":24,"column":0}},"type":"if","locations":[{"start":{"line":22,"column":0},"end":{"line":24,"column":0}},{"start":{"line":22,"column":0},"end":{"line":24,"column":0}}]}},"s":{"0":0,"1":0,"2":0,"3":0,"4":0,"5":0,"6":0,"7":0,"8":0,"9":0,"10":0,"11":0,"12":0,"13":0},"f":{"0":0,"1":0,"2":0,"3":0,"4":0},"b":{"0":[0,0,0],"1":[0,0,0,0,0],"2":[0,0]}}
,"C:\\Webserver\\www\\tests\\desafio-tecnico-frontend-conexa\\src\\app\\pages\\appointment\\views\\AppointmentIndex.vue": {"path":"C:\\Webserver\\www\\tests\\desafio-tecnico-frontend-conexa\\src\\app\\pages\\appointment\\views\\AppointmentIndex.vue","statementMap":{"0":{"start":{"line":2,"column":0},"end":{"line":null,"column":-1}},"1":{"start":{"line":3,"column":0},"end":{"line":null,"column":-1}},"2":{"start":{"line":4,"column":0},"end":{"line":null,"column":-1}},"3":{"start":{"line":5,"column":0},"end":{"line":null,"column":-1}},"4":{"start":{"line":6,"column":0},"end":{"line":null,"column":-1}},"5":{"start":{"line":15,"column":0},"end":{"line":null,"column":-1}},"6":{"start":{"line":31,"column":0},"end":{"line":null,"column":-1}},"7":{"start":{"line":35,"column":0},"end":{"line":null,"column":-1}},"8":{"start":{"line":37,"column":0},"end":{"line":null,"column":-1}},"9":{"start":{"line":38,"column":0},"end":{"line":null,"column":-1}},"10":{"start":{"line":40,"column":0},"end":{"line":43,"column":0}},"11":{"start":{"line":41,"column":0},"end":{"line":null,"column":-1}},"12":{"start":{"line":42,"column":0},"end":{"line":null,"column":-1}},"13":{"start":{"line":45,"column":0},"end":{"line":null,"column":-1}}},"fnMap":{"0":{"name":"data","decl":{"start":{"line":15,"column":0},"end":{"line":null,"column":-1}},"loc":{"start":{"line":15,"column":0},"end":{"line":null,"column":-1}}},"1":{"name":"mounted","decl":{"start":{"line":31,"column":0},"end":{"line":null,"column":-1}},"loc":{"start":{"line":31,"column":0},"end":{"line":33,"column":0}}},"2":{"name":"fetchAppointments","decl":{"start":{"line":35,"column":0},"end":{"line":null,"column":-1}},"loc":{"start":{"line":35,"column":0},"end":{"line":47,"column":0}}}},"branchMap":{"0":{"loc":{"start":{"line":31,"column":0},"end":{"line":null,"column":-1}},"type":"switch","locations":[{"start":{"line":31,"column":0},"end":{"line":null,"column":-1}},{"start":{"line":31,"column":0},"end":{"line":null,"column":-1}},{"start":{"line":31,"column":0},"end":{"line":null,"column":-1}}]},"1":{"loc":{"start":{"line":35,"column":0},"end":{"line":null,"column":-1}},"type":"switch","locations":[{"start":{"line":35,"column":0},"end":{"line":null,"column":-1}},{"start":{"line":35,"column":0},"end":{"line":null,"column":-1}},{"start":{"line":35,"column":0},"end":{"line":45,"column":0}},{"start":{"line":35,"column":0},"end":{"line":null,"column":-1}},{"start":{"line":35,"column":0},"end":{"line":null,"column":-1}}]},"2":{"loc":{"start":{"line":40,"column":0},"end":{"line":43,"column":0}},"type":"if","locations":[{"start":{"line":40,"column":0},"end":{"line":43,"column":0}},{"start":{"line":40,"column":0},"end":{"line":43,"column":0}}]}},"s":{"0":1,"1":1,"2":1,"3":1,"4":1,"5":6,"6":60,"7":84,"8":6,"9":6,"10":6,"11":0,"12":0,"13":0},"f":{"0":6,"1":24,"2":24},"b":{"0":[6,6,6],"1":[6,6,0,6,6],"2":[0,6]}}
,"C:\\Webserver\\www\\tests\\desafio-tecnico-frontend-conexa\\src\\app\\pages\\auth\\index.js": {"path":"C:\\Webserver\\www\\tests\\desafio-tecnico-frontend-conexa\\src\\app\\pages\\auth\\index.js","statementMap":{},"fnMap":{},"branchMap":{},"s":{},"f":{},"b":{},"_coverageSchema":"332fd63041d2c1bcb487cc26dd0d5f7d97098a6c","hash":"f6a8d570bd69268e8ca5b753a2c9dacb8a885cf0"}
,"C:\\Webserver\\www\\tests\\desafio-tecnico-frontend-conexa\\src\\app\\pages\\auth\\routes.js": {"path":"C:\\Webserver\\www\\tests\\desafio-tecnico-frontend-conexa\\src\\app\\pages\\auth\\routes.js","statementMap":{"0":{"start":{"line":1,"column":15},"end":{"line":10,"column":1}},"1":{"start":{"line":4,"column":21},"end":{"line":4,"column":52}}},"fnMap":{"0":{"name":"(anonymous_0)","decl":{"start":{"line":4,"column":15},"end":{"line":4,"column":16}},"loc":{"start":{"line":4,"column":21},"end":{"line":4,"column":52}},"line":4}},"branchMap":{},"s":{"0":3,"1":0},"f":{"0":0},"b":{},"_coverageSchema":"332fd63041d2c1bcb487cc26dd0d5f7d97098a6c","hash":"e25958944f21a24aee878cc4478ae36db7dc5fc5"}
,"C:\\Webserver\\www\\tests\\desafio-tecnico-frontend-conexa\\src\\app\\pages\\auth\\components\\FormLogin.vue": {"path":"C:\\Webserver\\www\\tests\\desafio-tecnico-frontend-conexa\\src\\app\\pages\\auth\\components\\FormLogin.vue","statementMap":{"0":{"start":{"line":32,"column":0},"end":{"line":null,"column":-1}},"1":{"start":{"line":33,"column":0},"end":{"line":null,"column":-1}},"2":{"start":{"line":34,"column":0},"end":{"line":null,"column":-1}},"3":{"start":{"line":40,"column":0},"end":{"line":null,"column":-1}},"4":{"start":{"line":49,"column":0},"end":{"line":null,"column":-1}},"5":{"start":{"line":50,"column":0},"end":{"line":54,"column":0}},"6":{"start":{"line":52,"column":0},"end":{"line":null,"column":-1}},"7":{"start":{"line":54,"column":0},"end":{"line":null,"column":-1}}},"fnMap":{"0":{"name":"data","decl":{"start":{"line":39,"column":0},"end":{"line":null,"column":-1}},"loc":{"start":{"line":39,"column":0},"end":{"line":46,"column":0}}},"1":{"name":"onAuthenticate","decl":{"start":{"line":49,"column":0},"end":{"line":null,"column":-1}},"loc":{"start":{"line":49,"column":0},"end":{"line":55,"column":0}}},"2":{"name":"(anonymous_4)","decl":{"start":{"line":50,"column":0},"end":{"line":null,"column":-1}},"loc":{"start":{"line":50,"column":0},"end":{"line":53,"column":0}}},"3":{"name":"(anonymous_5)","decl":{"start":{"line":53,"column":0},"end":{"line":null,"column":-1}},"loc":{"start":{"line":53,"column":0},"end":{"line":54,"column":0}}}},"branchMap":{},"s":{"0":3,"1":3,"2":3,"3":1,"4":0,"5":0,"6":0,"7":0},"f":{"0":1,"1":0,"2":0,"3":0},"b":{}}
,"C:\\Webserver\\www\\tests\\desafio-tecnico-frontend-conexa\\src\\app\\pages\\auth\\components\\LayoutBase.vue": {"path":"C:\\Webserver\\www\\tests\\desafio-tecnico-frontend-conexa\\src\\app\\pages\\auth\\components\\LayoutBase.vue","statementMap":{"0":{"start":{"line":21,"column":0},"end":{"line":null,"column":-1}},"1":{"start":{"line":30,"column":0},"end":{"line":null,"column":-1}}},"fnMap":{"0":{"name":"_default","decl":{"start":{"line":30,"column":0},"end":{"line":null,"column":-1}},"loc":{"start":{"line":30,"column":0},"end":{"line":null,"column":-1}}}},"branchMap":{},"s":{"0":3,"1":2},"f":{"0":2},"b":{}}
,"C:\\Webserver\\www\\tests\\desafio-tecnico-frontend-conexa\\src\\app\\pages\\auth\\views\\AuthIndex.vue": {"path":"C:\\Webserver\\www\\tests\\desafio-tecnico-frontend-conexa\\src\\app\\pages\\auth\\views\\AuthIndex.vue","statementMap":{"0":{"start":{"line":2,"column":0},"end":{"line":null,"column":-1}},"1":{"start":{"line":3,"column":0},"end":{"line":null,"column":-1}},"2":{"start":{"line":8,"column":0},"end":{"line":null,"column":-1}}},"fnMap":{"0":{"name":"data","decl":{"start":{"line":8,"column":0},"end":{"line":null,"column":-1}},"loc":{"start":{"line":8,"column":0},"end":{"line":null,"column":-1}}}},"branchMap":{},"s":{"0":3,"1":3,"2":2},"f":{"0":2},"b":{}}
,"C:\\Webserver\\www\\tests\\desafio-tecnico-frontend-conexa\\src\\app\\pages\\dashboard\\index.js": {"path":"C:\\Webserver\\www\\tests\\desafio-tecnico-frontend-conexa\\src\\app\\pages\\dashboard\\index.js","statementMap":{},"fnMap":{},"branchMap":{},"s":{},"f":{},"b":{},"_coverageSchema":"332fd63041d2c1bcb487cc26dd0d5f7d97098a6c","hash":"dba53b7d4613ab5dbf0c8e1d200ea52c6dcc1033"}
,"C:\\Webserver\\www\\tests\\desafio-tecnico-frontend-conexa\\src\\app\\pages\\dashboard\\routes.js": {"path":"C:\\Webserver\\www\\tests\\desafio-tecnico-frontend-conexa\\src\\app\\pages\\dashboard\\routes.js","statementMap":{"0":{"start":{"line":1,"column":15},"end":{"line":10,"column":1}},"1":{"start":{"line":4,"column":21},"end":{"line":4,"column":57}}},"fnMap":{"0":{"name":"(anonymous_0)","decl":{"start":{"line":4,"column":15},"end":{"line":4,"column":16}},"loc":{"start":{"line":4,"column":21},"end":{"line":4,"column":57}},"line":4}},"branchMap":{},"s":{"0":3,"1":0},"f":{"0":0},"b":{},"_coverageSchema":"332fd63041d2c1bcb487cc26dd0d5f7d97098a6c","hash":"856e7d4e681a1c14bd0d500d7a0501f8054590f1"}
,"C:\\Webserver\\www\\tests\\desafio-tecnico-frontend-conexa\\src\\app\\pages\\dashboard\\views\\DashboardIndex.vue": {"path":"C:\\Webserver\\www\\tests\\desafio-tecnico-frontend-conexa\\src\\app\\pages\\dashboard\\views\\DashboardIndex.vue","statementMap":{"0":{"start":{"line":2,"column":0},"end":{"line":null,"column":-1}},"1":{"start":{"line":7,"column":0},"end":{"line":null,"column":-1}}},"fnMap":{"0":{"name":"data","decl":{"start":{"line":7,"column":0},"end":{"line":null,"column":-1}},"loc":{"start":{"line":7,"column":0},"end":{"line":null,"column":-1}}}},"branchMap":{},"s":{"0":1,"1":1},"f":{"0":1},"b":{}}
,"C:\\Webserver\\www\\tests\\desafio-tecnico-frontend-conexa\\src\\app\\supports\\http\\config.js": {"path":"C:\\Webserver\\www\\tests\\desafio-tecnico-frontend-conexa\\src\\app\\supports\\http\\config.js","statementMap":{"0":{"start":{"line":6,"column":18},"end":{"line":8,"column":2}},"1":{"start":{"line":11,"column":0},"end":{"line":16,"column":2}},"2":{"start":{"line":12,"column":2},"end":{"line":12,"column":70}},"3":{"start":{"line":13,"column":2},"end":{"line":13,"column":15}},"4":{"start":{"line":15,"column":2},"end":{"line":15,"column":30}},"5":{"start":{"line":19,"column":0},"end":{"line":26,"column":2}},"6":{"start":{"line":20,"column":2},"end":{"line":20,"column":17}},"7":{"start":{"line":22,"column":2},"end":{"line":24,"column":3}},"8":{"start":{"line":23,"column":4},"end":{"line":23,"column":60}},"9":{"start":{"line":23,"column":42},"end":{"line":23,"column":59}},"10":{"start":{"line":25,"column":2},"end":{"line":25,"column":30}}},"fnMap":{"0":{"name":"(anonymous_0)","decl":{"start":{"line":11,"column":35},"end":{"line":11,"column":36}},"loc":{"start":{"line":11,"column":47},"end":{"line":14,"column":1}},"line":11},"1":{"name":"(anonymous_1)","decl":{"start":{"line":14,"column":3},"end":{"line":14,"column":4}},"loc":{"start":{"line":14,"column":14},"end":{"line":16,"column":1}},"line":14},"2":{"name":"(anonymous_2)","decl":{"start":{"line":19,"column":36},"end":{"line":19,"column":37}},"loc":{"start":{"line":19,"column":50},"end":{"line":21,"column":1}},"line":19},"3":{"name":"(anonymous_3)","decl":{"start":{"line":21,"column":3},"end":{"line":21,"column":4}},"loc":{"start":{"line":21,"column":14},"end":{"line":26,"column":1}},"line":21},"4":{"name":"(anonymous_4)","decl":{"start":{"line":23,"column":36},"end":{"line":23,"column":37}},"loc":{"start":{"line":23,"column":42},"end":{"line":23,"column":59}},"line":23}},"branchMap":{"0":{"loc":{"start":{"line":22,"column":2},"end":{"line":24,"column":3}},"type":"if","locations":[{"start":{"line":22,"column":2},"end":{"line":24,"column":3}},{"start":{"line":22,"column":2},"end":{"line":24,"column":3}}],"line":22}},"s":{"0":3,"1":3,"2":0,"3":0,"4":0,"5":3,"6":0,"7":0,"8":0,"9":0,"10":0},"f":{"0":0,"1":0,"2":0,"3":0,"4":0},"b":{"0":[0,0]},"_coverageSchema":"332fd63041d2c1bcb487cc26dd0d5f7d97098a6c","hash":"de852a6bca5fed968a47bcd376cbd040c6327f48"}
,"C:\\Webserver\\www\\tests\\desafio-tecnico-frontend-conexa\\src\\app\\supports\\services\\http-services.js": {"path":"C:\\Webserver\\www\\tests\\desafio-tecnico-frontend-conexa\\src\\app\\supports\\services\\http-services.js","statementMap":{"0":{"start":{"line":3,"column":21},"end":{"line":46,"column":1}},"1":{"start":{"line":9,"column":4},"end":{"line":10,"column":33}},"2":{"start":{"line":10,"column":24},"end":{"line":10,"column":32}},"3":{"start":{"line":20,"column":4},"end":{"line":21,"column":33}},"4":{"start":{"line":21,"column":24},"end":{"line":21,"column":32}},"5":{"start":{"line":31,"column":4},"end":{"line":32,"column":33}},"6":{"start":{"line":32,"column":24},"end":{"line":32,"column":32}},"7":{"start":{"line":42,"column":4},"end":{"line":43,"column":33}},"8":{"start":{"line":43,"column":24},"end":{"line":43,"column":32}}},"fnMap":{"0":{"name":"(anonymous_0)","decl":{"start":{"line":8,"column":7},"end":{"line":8,"column":8}},"loc":{"start":{"line":8,"column":33},"end":{"line":11,"column":3}},"line":8},"1":{"name":"(anonymous_1)","decl":{"start":{"line":10,"column":12},"end":{"line":10,"column":13}},"loc":{"start":{"line":10,"column":24},"end":{"line":10,"column":32}},"line":10},"2":{"name":"(anonymous_2)","decl":{"start":{"line":19,"column":8},"end":{"line":19,"column":9}},"loc":{"start":{"line":19,"column":36},"end":{"line":22,"column":3}},"line":19},"3":{"name":"(anonymous_3)","decl":{"start":{"line":21,"column":12},"end":{"line":21,"column":13}},"loc":{"start":{"line":21,"column":24},"end":{"line":21,"column":32}},"line":21},"4":{"name":"(anonymous_4)","decl":{"start":{"line":30,"column":7},"end":{"line":30,"column":8}},"loc":{"start":{"line":30,"column":26},"end":{"line":33,"column":3}},"line":30},"5":{"name":"(anonymous_5)","decl":{"start":{"line":32,"column":12},"end":{"line":32,"column":13}},"loc":{"start":{"line":32,"column":24},"end":{"line":32,"column":32}},"line":32},"6":{"name":"(anonymous_6)","decl":{"start":{"line":41,"column":10},"end":{"line":41,"column":11}},"loc":{"start":{"line":41,"column":29},"end":{"line":44,"column":3}},"line":41},"7":{"name":"(anonymous_7)","decl":{"start":{"line":43,"column":12},"end":{"line":43,"column":13}},"loc":{"start":{"line":43,"column":24},"end":{"line":43,"column":32}},"line":43}},"branchMap":{"0":{"loc":{"start":{"line":8,"column":17},"end":{"line":8,"column":28}},"type":"default-arg","locations":[{"start":{"line":8,"column":26},"end":{"line":8,"column":28}}],"line":8}},"s":{"0":3,"1":8,"2":8,"3":3,"4":3,"5":0,"6":0,"7":0,"8":0},"f":{"0":8,"1":8,"2":3,"3":3,"4":0,"5":0,"6":0,"7":0},"b":{"0":[1]},"_coverageSchema":"332fd63041d2c1bcb487cc26dd0d5f7d97098a6c","hash":"b062c6aa80b5e34f2eab3d76a0623073cab51b00"}
,"C:\\Webserver\\www\\tests\\desafio-tecnico-frontend-conexa\\src\\app\\supports\\services\\rest-services.js": {"path":"C:\\Webserver\\www\\tests\\desafio-tecnico-frontend-conexa\\src\\app\\supports\\services\\rest-services.js","statementMap":{"0":{"start":{"line":12,"column":4},"end":{"line":12,"column":56}},"1":{"start":{"line":20,"column":4},"end":{"line":20,"column":79}},"2":{"start":{"line":28,"column":4},"end":{"line":28,"column":71}},"3":{"start":{"line":36,"column":4},"end":{"line":36,"column":74}},"4":{"start":{"line":44,"column":4},"end":{"line":46,"column":5}},"5":{"start":{"line":45,"column":6},"end":{"line":45,"column":33}},"6":{"start":{"line":47,"column":4},"end":{"line":47,"column":25}},"7":{"start":{"line":55,"column":4},"end":{"line":55,"column":55}}},"fnMap":{"0":{"name":"(anonymous_0)","decl":{"start":{"line":11,"column":2},"end":{"line":11,"column":3}},"loc":{"start":{"line":11,"column":18},"end":{"line":13,"column":3}},"line":11},"1":{"name":"(anonymous_1)","decl":{"start":{"line":19,"column":2},"end":{"line":19,"column":3}},"loc":{"start":{"line":19,"column":18},"end":{"line":21,"column":3}},"line":19},"2":{"name":"(anonymous_2)","decl":{"start":{"line":27,"column":2},"end":{"line":27,"column":3}},"loc":{"start":{"line":27,"column":16},"end":{"line":29,"column":3}},"line":27},"3":{"name":"(anonymous_3)","decl":{"start":{"line":35,"column":2},"end":{"line":35,"column":3}},"loc":{"start":{"line":35,"column":19},"end":{"line":37,"column":3}},"line":35},"4":{"name":"(anonymous_4)","decl":{"start":{"line":43,"column":2},"end":{"line":43,"column":3}},"loc":{"start":{"line":43,"column":19},"end":{"line":48,"column":3}},"line":43},"5":{"name":"(anonymous_5)","decl":{"start":{"line":54,"column":2},"end":{"line":54,"column":3}},"loc":{"start":{"line":54,"column":20},"end":{"line":56,"column":3}},"line":54}},"branchMap":{"0":{"loc":{"start":{"line":44,"column":4},"end":{"line":46,"column":5}},"type":"if","locations":[{"start":{"line":44,"column":4},"end":{"line":46,"column":5}},{"start":{"line":44,"column":4},"end":{"line":46,"column":5}}],"line":44},"1":{"loc":{"start":{"line":54,"column":7},"end":{"line":54,"column":18}},"type":"default-arg","locations":[{"start":{"line":54,"column":16},"end":{"line":54,"column":18}}],"line":54}},"s":{"0":3,"1":0,"2":1,"3":0,"4":1,"5":0,"6":1,"7":0},"f":{"0":3,"1":0,"2":1,"3":0,"4":1,"5":0},"b":{"0":[0,1],"1":[0]},"_coverageSchema":"332fd63041d2c1bcb487cc26dd0d5f7d97098a6c","hash":"6bad4c5ad006444da97df65d1a94b44d43923e6d"}
,"C:\\Webserver\\www\\tests\\desafio-tecnico-frontend-conexa\\src\\app\\supports\\utils\\collection.js": {"path":"C:\\Webserver\\www\\tests\\desafio-tecnico-frontend-conexa\\src\\app\\supports\\utils\\collection.js","statementMap":{"0":{"start":{"line":1,"column":0},"end":{"line":null,"column":-1}}},"fnMap":{},"branchMap":{},"s":{"0":0},"f":{},"b":{}}
,"C:\\Webserver\\www\\tests\\desafio-tecnico-frontend-conexa\\src\\app\\supports\\utils\\context.js": {"path":"C:\\Webserver\\www\\tests\\desafio-tecnico-frontend-conexa\\src\\app\\supports\\utils\\context.js","statementMap":{"0":{"start":{"line":5,"column":29},"end":{"line":13,"column":1}}},"fnMap":{},"branchMap":{},"s":{"0":3},"f":{},"b":{},"_coverageSchema":"332fd63041d2c1bcb487cc26dd0d5f7d97098a6c","hash":"3c6563fa10406457c730b39711412d91be4ba09c"}
,"C:\\Webserver\\www\\tests\\desafio-tecnico-frontend-conexa\\src\\components\\dialog\\DialogConfirm.vue": {"path":"C:\\Webserver\\www\\tests\\desafio-tecnico-frontend-conexa\\src\\components\\dialog\\DialogConfirm.vue","statementMap":{"0":{"start":{"line":4,"column":0},"end":{"line":null,"column":-1}},"1":{"start":{"line":8,"column":0},"end":{"line":null,"column":-1}},"2":{"start":{"line":13,"column":0},"end":{"line":null,"column":-1}},"3":{"start":{"line":16,"column":0},"end":{"line":null,"column":-1}}},"fnMap":{"0":{"name":"data","decl":{"start":{"line":4,"column":0},"end":{"line":null,"column":-1}},"loc":{"start":{"line":4,"column":0},"end":{"line":null,"column":-1}}},"1":{"name":"_default","decl":{"start":{"line":8,"column":0},"end":{"line":null,"column":-1}},"loc":{"start":{"line":8,"column":0},"end":{"line":null,"column":-1}}},"2":{"name":"onCancel","decl":{"start":{"line":12,"column":0},"end":{"line":null,"column":-1}},"loc":{"start":{"line":12,"column":0},"end":{"line":14,"column":0}}},"3":{"name":"onConfirm","decl":{"start":{"line":15,"column":0},"end":{"line":null,"column":-1}},"loc":{"start":{"line":15,"column":0},"end":{"line":17,"column":0}}}},"branchMap":{},"s":{"0":0,"1":0,"2":0,"3":0},"f":{"0":0,"1":0,"2":0,"3":0},"b":{}}
,"C:\\Webserver\\www\\tests\\desafio-tecnico-frontend-conexa\\src\\components\\form\\AppInput.vue": {"path":"C:\\Webserver\\www\\tests\\desafio-tecnico-frontend-conexa\\src\\components\\form\\AppInput.vue","statementMap":{"0":{"start":{"line":26,"column":0},"end":{"line":null,"column":-1}},"1":{"start":{"line":28,"column":0},"end":{"line":29,"column":0}},"2":{"start":{"line":32,"column":0},"end":{"line":null,"column":-1}}},"fnMap":{"0":{"name":"inputListeners","decl":{"start":{"line":25,"column":0},"end":{"line":null,"column":-1}},"loc":{"start":{"line":25,"column":0},"end":{"line":36,"column":0}}},"1":{"name":"input","decl":{"start":{"line":31,"column":0},"end":{"line":null,"column":-1}},"loc":{"start":{"line":31,"column":0},"end":{"line":33,"column":0}}}},"branchMap":{},"s":{"0":7,"1":7,"2":0},"f":{"0":7,"1":0},"b":{}}
,"C:\\Webserver\\www\\tests\\desafio-tecnico-frontend-conexa\\src\\components\\form\\AppTextarea.vue": {"path":"C:\\Webserver\\www\\tests\\desafio-tecnico-frontend-conexa\\src\\components\\form\\AppTextarea.vue","statementMap":{"0":{"start":{"line":26,"column":0},"end":{"line":null,"column":-1}},"1":{"start":{"line":28,"column":0},"end":{"line":29,"column":0}},"2":{"start":{"line":32,"column":0},"end":{"line":null,"column":-1}}},"fnMap":{"0":{"name":"inputListeners","decl":{"start":{"line":25,"column":0},"end":{"line":null,"column":-1}},"loc":{"start":{"line":25,"column":0},"end":{"line":36,"column":0}}},"1":{"name":"input","decl":{"start":{"line":31,"column":0},"end":{"line":null,"column":-1}},"loc":{"start":{"line":31,"column":0},"end":{"line":33,"column":0}}}},"branchMap":{},"s":{"0":0,"1":0,"2":0},"f":{"0":0,"1":0},"b":{}}
,"C:\\Webserver\\www\\tests\\desafio-tecnico-frontend-conexa\\src\\components\\layouts\\LayoutAuth.vue": {"path":"C:\\Webserver\\www\\tests\\desafio-tecnico-frontend-conexa\\src\\components\\layouts\\LayoutAuth.vue","statementMap":{"0":{"start":{"line":2,"column":0},"end":{"line":null,"column":-1}}},"fnMap":{},"branchMap":{},"s":{"0":2},"f":{},"b":{}}
,"C:\\Webserver\\www\\tests\\desafio-tecnico-frontend-conexa\\src\\components\\layouts\\LayoutExternal.vue": {"path":"C:\\Webserver\\www\\tests\\desafio-tecnico-frontend-conexa\\src\\components\\layouts\\LayoutExternal.vue","statementMap":{"0":{"start":{"line":2,"column":0},"end":{"line":null,"column":-1}},"1":{"start":{"line":6,"column":0},"end":{"line":null,"column":-1}}},"fnMap":{"0":{"name":"data","decl":{"start":{"line":6,"column":0},"end":{"line":null,"column":-1}},"loc":{"start":{"line":6,"column":0},"end":{"line":null,"column":-1}}}},"branchMap":{},"s":{"0":2,"1":1},"f":{"0":1},"b":{}}
,"C:\\Webserver\\www\\tests\\desafio-tecnico-frontend-conexa\\src\\components\\layouts\\Menu.vue": {"path":"C:\\Webserver\\www\\tests\\desafio-tecnico-frontend-conexa\\src\\components\\layouts\\Menu.vue","statementMap":{"0":{"start":{"line":2,"column":0},"end":{"line":null,"column":-1}},"1":{"start":{"line":3,"column":0},"end":{"line":null,"column":-1}},"2":{"start":{"line":8,"column":0},"end":{"line":null,"column":-1}},"3":{"start":{"line":31,"column":0},"end":{"line":null,"column":-1}},"4":{"start":{"line":32,"column":0},"end":{"line":null,"column":-1}},"5":{"start":{"line":33,"column":0},"end":{"line":35,"column":0}},"6":{"start":{"line":34,"column":0},"end":{"line":null,"column":-1}}},"fnMap":{"0":{"name":"data","decl":{"start":{"line":8,"column":0},"end":{"line":null,"column":-1}},"loc":{"start":{"line":8,"column":0},"end":{"line":null,"column":-1}}},"1":{"name":"onLogout","decl":{"start":{"line":30,"column":0},"end":{"line":null,"column":-1}},"loc":{"start":{"line":30,"column":0},"end":{"line":36,"column":0}}},"2":{"name":"(anonymous_4)","decl":{"start":{"line":33,"column":0},"end":{"line":null,"column":-1}},"loc":{"start":{"line":33,"column":0},"end":{"line":35,"column":0}}}},"branchMap":{},"s":{"0":4,"1":4,"2":5,"3":0,"4":0,"5":0,"6":0},"f":{"0":5,"1":0,"2":0},"b":{}}
,"C:\\Webserver\\www\\tests\\desafio-tecnico-frontend-conexa\\src\\components\\layouts\\Sidebar.vue": {"path":"C:\\Webserver\\www\\tests\\desafio-tecnico-frontend-conexa\\src\\components\\layouts\\Sidebar.vue","statementMap":{"0":{"start":{"line":2,"column":0},"end":{"line":null,"column":-1}}},"fnMap":{},"branchMap":{},"s":{"0":3},"f":{},"b":{}}
,"C:\\Webserver\\www\\tests\\desafio-tecnico-frontend-conexa\\src\\components\\table\\AppTable.vue": {"path":"C:\\Webserver\\www\\tests\\desafio-tecnico-frontend-conexa\\src\\components\\table\\AppTable.vue","statementMap":{"0":{"start":{"line":4,"column":0},"end":{"line":null,"column":-1}},"1":{"start":{"line":14,"column":0},"end":{"line":null,"column":-1}},"2":{"start":{"line":19,"column":0},"end":{"line":null,"column":-1}},"3":{"start":{"line":28,"column":0},"end":{"line":null,"column":-1}},"4":{"start":{"line":33,"column":0},"end":{"line":null,"column":-1}},"5":{"start":{"line":38,"column":0},"end":{"line":null,"column":-1}},"6":{"start":{"line":39,"column":0},"end":{"line":null,"column":-1}},"7":{"start":{"line":41,"column":0},"end":{"line":null,"column":-1}},"8":{"start":{"line":42,"column":0},"end":{"line":null,"column":-1}},"9":{"start":{"line":46,"column":0},"end":{"line":null,"column":-1}}},"fnMap":{"0":{"name":"data","decl":{"start":{"line":4,"column":0},"end":{"line":null,"column":-1}},"loc":{"start":{"line":4,"column":0},"end":{"line":null,"column":-1}}},"1":{"name":"_default","decl":{"start":{"line":14,"column":0},"end":{"line":null,"column":-1}},"loc":{"start":{"line":14,"column":0},"end":{"line":null,"column":-1}}},"2":{"name":"_default","decl":{"start":{"line":19,"column":0},"end":{"line":null,"column":-1}},"loc":{"start":{"line":19,"column":0},"end":{"line":null,"column":-1}}},"3":{"name":"pageNumber","decl":{"start":{"line":27,"column":0},"end":{"line":null,"column":-1}},"loc":{"start":{"line":27,"column":0},"end":{"line":29,"column":0}}},"4":{"name":"paginatedData","decl":{"start":{"line":32,"column":0},"end":{"line":null,"column":-1}},"loc":{"start":{"line":32,"column":0},"end":{"line":34,"column":0}}},"5":{"name":"goToPage","decl":{"start":{"line":37,"column":0},"end":{"line":null,"column":-1}},"loc":{"start":{"line":37,"column":0},"end":{"line":40,"column":0}}},"6":{"name":"dispatch","decl":{"start":{"line":41,"column":0},"end":{"line":null,"column":-1}},"loc":{"start":{"line":41,"column":0},"end":{"line":47,"column":0}}}},"branchMap":{"0":{"loc":{"start":{"line":41,"column":0},"end":{"line":null,"column":-1}},"type":"cond-expr","locations":[{"start":{"line":41,"column":0},"end":{"line":null,"column":-1}},{"start":{"line":41,"column":0},"end":{"line":null,"column":-1}}]}},"s":{"0":4,"1":0,"2":4,"3":1,"4":0,"5":0,"6":0,"7":0,"8":0,"9":0},"f":{"0":4,"1":0,"2":4,"3":1,"4":0,"5":0,"6":0},"b":{"0":[0,0]}}
,"C:\\Webserver\\www\\tests\\desafio-tecnico-frontend-conexa\\src\\router\\before-each.js": {"path":"C:\\Webserver\\www\\tests\\desafio-tecnico-frontend-conexa\\src\\router\\before-each.js","statementMap":{"0":{"start":{"line":2,"column":17},"end":{"line":2,"column":53}},"1":{"start":{"line":2,"column":24},"end":{"line":2,"column":52}},"2":{"start":{"line":11,"column":23},"end":{"line":11,"column":74}},"3":{"start":{"line":11,"column":49},"end":{"line":11,"column":73}},"4":{"start":{"line":13,"column":2},"end":{"line":16,"column":13}},"5":{"start":{"line":14,"column":4},"end":{"line":14,"column":33}},"6":{"start":{"line":15,"column":9},"end":{"line":16,"column":13}},"7":{"start":{"line":15,"column":42},"end":{"line":15,"column":75}},"8":{"start":{"line":16,"column":7},"end":{"line":16,"column":13}}},"fnMap":{"0":{"name":"(anonymous_0)","decl":{"start":{"line":2,"column":17},"end":{"line":2,"column":18}},"loc":{"start":{"line":2,"column":24},"end":{"line":2,"column":52}},"line":2},"1":{"name":"(anonymous_1)","decl":{"start":{"line":10,"column":15},"end":{"line":10,"column":16}},"loc":{"start":{"line":10,"column":35},"end":{"line":17,"column":1}},"line":10},"2":{"name":"(anonymous_2)","decl":{"start":{"line":11,"column":39},"end":{"line":11,"column":40}},"loc":{"start":{"line":11,"column":49},"end":{"line":11,"column":73}},"line":11}},"branchMap":{"0":{"loc":{"start":{"line":13,"column":2},"end":{"line":16,"column":13}},"type":"if","locations":[{"start":{"line":13,"column":2},"end":{"line":16,"column":13}},{"start":{"line":13,"column":2},"end":{"line":16,"column":13}}],"line":13},"1":{"loc":{"start":{"line":13,"column":6},"end":{"line":13,"column":33}},"type":"binary-expr","locations":[{"start":{"line":13,"column":6},"end":{"line":13,"column":18}},{"start":{"line":13,"column":22},"end":{"line":13,"column":33}}],"line":13},"2":{"loc":{"start":{"line":15,"column":9},"end":{"line":16,"column":13}},"type":"if","locations":[{"start":{"line":15,"column":9},"end":{"line":16,"column":13}},{"start":{"line":15,"column":9},"end":{"line":16,"column":13}}],"line":15},"3":{"loc":{"start":{"line":15,"column":13},"end":{"line":15,"column":40}},"type":"binary-expr","locations":[{"start":{"line":15,"column":13},"end":{"line":15,"column":26}},{"start":{"line":15,"column":30},"end":{"line":15,"column":40}}],"line":15}},"s":{"0":3,"1":0,"2":0,"3":0,"4":0,"5":0,"6":0,"7":0,"8":0},"f":{"0":0,"1":0,"2":0},"b":{"0":[0,0],"1":[0,0],"2":[0,0],"3":[0,0]},"_coverageSchema":"332fd63041d2c1bcb487cc26dd0d5f7d97098a6c","hash":"9528108c83dac3c9c6c20b7cc1efbec465dc89e0"}
,"C:\\Webserver\\www\\tests\\desafio-tecnico-frontend-conexa\\src\\router\\routes.js": {"path":"C:\\Webserver\\www\\tests\\desafio-tecnico-frontend-conexa\\src\\router\\routes.js","statementMap":{},"fnMap":{},"branchMap":{},"s":{},"f":{},"b":{},"_coverageSchema":"332fd63041d2c1bcb487cc26dd0d5f7d97098a6c","hash":"9b6a1716b1978f9d768df5f7373252e1882ba368"}
,"C:\\Webserver\\www\\tests\\desafio-tecnico-frontend-conexa\\src\\store\\index.js": {"path":"C:\\Webserver\\www\\tests\\desafio-tecnico-frontend-conexa\\src\\store\\index.js","statementMap":{"0":{"start":{"line":1,"column":0},"end":{"line":null,"column":-1}},"1":{"start":{"line":2,"column":0},"end":{"line":null,"column":-1}},"2":{"start":{"line":5,"column":0},"end":{"line":null,"column":-1}}},"fnMap":{},"branchMap":{},"s":{"0":0,"1":0,"2":0},"f":{},"b":{}}
}
