TN:
SF:C:\Webserver\www\tests\desafio-tecnico-frontend-conexa\src\App.vue
FNF:0
FNH:0
DA:2,0
DA:3,0
DA:4,0
DA:5,0
LF:4
LH:0
BRF:0
BRH:0
end_of_record
TN:
SF:C:\Webserver\www\tests\desafio-tecnico-frontend-conexa\src\app\domains\appointment\services\appointment-service.js
FN:12,(anonymous_0)
FNF:1
FNH:1
FNDA:7,(anonymous_0)
DA:13,7
LF:1
LH:1
BRDA:12,0,0,7
BRF:1
BRH:1
end_of_record
TN:
SF:C:\Webserver\www\tests\desafio-tecnico-frontend-conexa\src\app\domains\users\services\user-service.js
FN:4,(anonymous_0)
FNF:1
FNH:0
FNDA:0,(anonymous_0)
DA:5,0
LF:1
LH:0
BRF:0
BRH:0
end_of_record
TN:
SF:C:\Webserver\www\tests\desafio-tecnico-frontend-conexa\src\app\domains\users\storage\user-storage.js
FN:4,(anonymous_0)
FN:7,(anonymous_1)
FN:16,(anonymous_2)
FN:25,(anonymous_3)
FNF:4
FNH:2
FNDA:0,(anonymous_0)
FNDA:3,(anonymous_1)
FNDA:3,(anonymous_2)
FNDA:0,(anonymous_3)
DA:1,3
DA:3,3
DA:5,0
DA:8,3
DA:10,3
DA:11,0
DA:14,3
DA:17,3
DA:19,3
DA:20,0
DA:21,0
DA:23,3
DA:26,0
LF:13
LH:8
BRDA:10,0,0,0
BRDA:10,0,1,3
BRDA:19,1,0,0
BRDA:19,1,1,3
BRF:4
BRH:2
end_of_record
TN:
SF:C:\Webserver\www\tests\desafio-tecnico-frontend-conexa\src\app\domains\users\vuex-module\index.js
FN:15,(anonymous_0)
FN:16,(anonymous_1)
FN:17,(anonymous_2)
FN:33,(anonymous_3)
FN:44,(anonymous_4)
FNF:5
FNH:0
FNDA:0,(anonymous_0)
FNDA:0,(anonymous_1)
FNDA:0,(anonymous_2)
FNDA:0,(anonymous_3)
FNDA:0,(anonymous_4)
DA:4,3
DA:5,3
DA:6,3
DA:15,0
DA:16,0
DA:17,0
DA:21,0
DA:24,0
DA:27,0
DA:28,0
DA:33,0
DA:34,0
DA:35,0
DA:36,0
DA:37,0
DA:39,0
DA:40,0
DA:41,0
DA:43,0
DA:44,0
DA:47,0
DA:48,0
DA:49,0
LF:23
LH:3
BRDA:35,0,0,0
BRDA:35,0,1,0
BRDA:35,1,0,0
BRDA:35,1,1,0
BRF:4
BRH:0
end_of_record
TN:
SF:C:\Webserver\www\tests\desafio-tecnico-frontend-conexa\src\app\pages\index.js
FNF:0
FNH:0
LF:0
LH:0
BRF:0
BRH:0
end_of_record
TN:
SF:C:\Webserver\www\tests\desafio-tecnico-frontend-conexa\src\app\pages\routes.js
FNF:0
FNH:0
LF:0
LH:0
BRF:0
BRH:0
end_of_record
TN:
SF:C:\Webserver\www\tests\desafio-tecnico-frontend-conexa\src\app\pages\appointment\index.js
FNF:0
FNH:0
LF:0
LH:0
BRF:0
BRH:0
end_of_record
TN:
SF:C:\Webserver\www\tests\desafio-tecnico-frontend-conexa\src\app\pages\appointment\routes.js
FN:4,(anonymous_0)
FN:11,(anonymous_1)
FN:18,(anonymous_2)
FNF:3
FNH:0
FNDA:0,(anonymous_0)
FNDA:0,(anonymous_1)
FNDA:0,(anonymous_2)
DA:1,3
DA:4,0
DA:11,0
DA:18,0
LF:4
LH:1
BRF:0
BRH:0
end_of_record
TN:
SF:C:\Webserver\www\tests\desafio-tecnico-frontend-conexa\src\app\pages\appointment\components\FormBase.vue
FN:8,data
FN:26,appointment
FN:36,handleSubmit
FN:43,validate
FNF:4
FNH:0
FNDA:0,data
FNDA:0,appointment
FNDA:0,handleSubmit
FNDA:0,validate
DA:2,0
DA:3,0
DA:9,0
DA:26,0
DA:28,0
DA:29,0
DA:30,0
DA:31,0
DA:32,0
DA:37,0
DA:38,0
DA:39,0
DA:40,0
DA:44,0
DA:45,0
DA:47,0
DA:48,0
DA:50,0
DA:51,0
LF:19
LH:0
BRDA:37,0,0,0
BRDA:37,0,1,0
BRDA:47,1,0,0
BRDA:47,1,1,0
BRDA:50,2,0,0
BRDA:50,2,1,0
BRF:6
BRH:0
end_of_record
TN:
SF:C:\Webserver\www\tests\desafio-tecnico-frontend-conexa\src\app\pages\appointment\views\AppointmentCreate.vue
FN:10,data
FN:12,onSubmit
FNF:2
FNH:2
FNDA:5,data
FNDA:8,onSubmit
DA:2,1
DA:3,1
DA:4,1
DA:5,1
DA:10,5
DA:12,25
DA:14,2
DA:15,1
DA:16,1
DA:17,1
DA:18,0
DA:19,0
DA:22,1
LF:13
LH:11
BRDA:12,0,0,2
BRDA:12,0,1,1
BRDA:12,0,2,1
BRDA:12,0,3,2
BRDA:12,0,4,2
BRDA:17,1,0,0
BRDA:17,1,1,1
BRF:7
BRH:6
end_of_record
TN:
SF:C:\Webserver\www\tests\desafio-tecnico-frontend-conexa\src\app\pages\appointment\views\AppointmentDetails.vue
FN:9,data
FN:12,mounted
FN:17,getAppointmentById
FN:29,print
FN:30,(anonymous_10)
FNF:5
FNH:0
FNDA:0,data
FNDA:0,mounted
FNDA:0,getAppointmentById
FNDA:0,print
FNDA:0,(anonymous_10)
DA:2,0
DA:3,0
DA:4,0
DA:9,0
DA:12,0
DA:13,0
DA:17,0
DA:19,0
DA:20,0
DA:22,0
DA:23,0
DA:26,0
DA:30,0
DA:31,0
LF:14
LH:0
BRDA:12,0,0,0
BRDA:12,0,1,0
BRDA:12,0,2,0
BRDA:17,1,0,0
BRDA:17,1,1,0
BRDA:17,1,2,0
BRDA:17,1,3,0
BRDA:17,1,4,0
BRDA:22,2,0,0
BRDA:22,2,1,0
BRF:10
BRH:0
end_of_record
TN:
SF:C:\Webserver\www\tests\desafio-tecnico-frontend-conexa\src\app\pages\appointment\views\AppointmentIndex.vue
FN:15,data
FN:31,mounted
FN:35,fetchAppointments
FNF:3
FNH:3
FNDA:6,data
FNDA:24,mounted
FNDA:24,fetchAppointments
DA:2,1
DA:3,1
DA:4,1
DA:5,1
DA:6,1
DA:15,6
DA:31,60
DA:35,84
DA:37,6
DA:38,6
DA:40,6
DA:41,0
DA:42,0
DA:45,0
LF:14
LH:11
BRDA:31,0,0,6
BRDA:31,0,1,6
BRDA:31,0,2,6
BRDA:35,1,0,6
BRDA:35,1,1,6
BRDA:35,1,2,0
BRDA:35,1,3,6
BRDA:35,1,4,6
BRDA:40,2,0,0
BRDA:40,2,1,6
BRF:10
BRH:8
end_of_record
TN:
SF:C:\Webserver\www\tests\desafio-tecnico-frontend-conexa\src\app\pages\auth\index.js
FNF:0
FNH:0
LF:0
LH:0
BRF:0
BRH:0
end_of_record
TN:
SF:C:\Webserver\www\tests\desafio-tecnico-frontend-conexa\src\app\pages\auth\routes.js
FN:4,(anonymous_0)
FNF:1
FNH:0
FNDA:0,(anonymous_0)
DA:1,3
DA:4,0
LF:2
LH:1
BRF:0
BRH:0
end_of_record
TN:
SF:C:\Webserver\www\tests\desafio-tecnico-frontend-conexa\src\app\pages\auth\components\FormLogin.vue
FN:39,data
FN:49,onAuthenticate
FN:50,(anonymous_4)
FN:53,(anonymous_5)
FNF:4
FNH:1
FNDA:1,data
FNDA:0,onAuthenticate
FNDA:0,(anonymous_4)
FNDA:0,(anonymous_5)
DA:32,3
DA:33,3
DA:34,3
DA:40,1
DA:49,0
DA:50,0
DA:52,0
DA:54,0
LF:8
LH:4
BRF:0
BRH:0
end_of_record
TN:
SF:C:\Webserver\www\tests\desafio-tecnico-frontend-conexa\src\app\pages\auth\components\LayoutBase.vue
FN:30,_default
FNF:1
FNH:1
FNDA:2,_default
DA:21,3
DA:30,2
LF:2
LH:2
BRF:0
BRH:0
end_of_record
TN:
SF:C:\Webserver\www\tests\desafio-tecnico-frontend-conexa\src\app\pages\auth\views\AuthIndex.vue
FN:8,data
FNF:1
FNH:1
FNDA:2,data
DA:2,3
DA:3,3
DA:8,2
LF:3
LH:3
BRF:0
BRH:0
end_of_record
TN:
SF:C:\Webserver\www\tests\desafio-tecnico-frontend-conexa\src\app\pages\dashboard\index.js
FNF:0
FNH:0
LF:0
LH:0
BRF:0
BRH:0
end_of_record
TN:
SF:C:\Webserver\www\tests\desafio-tecnico-frontend-conexa\src\app\pages\dashboard\routes.js
FN:4,(anonymous_0)
FNF:1
FNH:0
FNDA:0,(anonymous_0)
DA:1,3
DA:4,0
LF:2
LH:1
BRF:0
BRH:0
end_of_record
TN:
SF:C:\Webserver\www\tests\desafio-tecnico-frontend-conexa\src\app\pages\dashboard\views\DashboardIndex.vue
FN:7,data
FNF:1
FNH:1
FNDA:1,data
DA:2,1
DA:7,1
LF:2
LH:2
BRF:0
BRH:0
end_of_record
TN:
SF:C:\Webserver\www\tests\desafio-tecnico-frontend-conexa\src\app\supports\http\config.js
FN:11,(anonymous_0)
FN:14,(anonymous_1)
FN:19,(anonymous_2)
FN:21,(anonymous_3)
FN:23,(anonymous_4)
FNF:5
FNH:0
FNDA:0,(anonymous_0)
FNDA:0,(anonymous_1)
FNDA:0,(anonymous_2)
FNDA:0,(anonymous_3)
FNDA:0,(anonymous_4)
DA:6,3
DA:11,3
DA:12,0
DA:13,0
DA:15,0
DA:19,3
DA:20,0
DA:22,0
DA:23,0
DA:25,0
LF:10
LH:3
BRDA:22,0,0,0
BRDA:22,0,1,0
BRF:2
BRH:0
end_of_record
TN:
SF:C:\Webserver\www\tests\desafio-tecnico-frontend-conexa\src\app\supports\services\http-services.js
FN:8,(anonymous_0)
FN:10,(anonymous_1)
FN:19,(anonymous_2)
FN:21,(anonymous_3)
FN:30,(anonymous_4)
FN:32,(anonymous_5)
FN:41,(anonymous_6)
FN:43,(anonymous_7)
FNF:8
FNH:4
FNDA:8,(anonymous_0)
FNDA:8,(anonymous_1)
FNDA:3,(anonymous_2)
FNDA:3,(anonymous_3)
FNDA:0,(anonymous_4)
FNDA:0,(anonymous_5)
FNDA:0,(anonymous_6)
FNDA:0,(anonymous_7)
DA:3,3
DA:9,8
DA:10,8
DA:20,3
DA:21,3
DA:31,0
DA:32,0
DA:42,0
DA:43,0
LF:9
LH:5
BRDA:8,0,0,1
BRF:1
BRH:1
end_of_record
TN:
SF:C:\Webserver\www\tests\desafio-tecnico-frontend-conexa\src\app\supports\services\rest-services.js
FN:11,(anonymous_0)
FN:19,(anonymous_1)
FN:27,(anonymous_2)
FN:35,(anonymous_3)
FN:43,(anonymous_4)
FN:54,(anonymous_5)
FNF:6
FNH:3
FNDA:3,(anonymous_0)
FNDA:0,(anonymous_1)
FNDA:1,(anonymous_2)
FNDA:0,(anonymous_3)
FNDA:1,(anonymous_4)
FNDA:0,(anonymous_5)
DA:12,3
DA:20,0
DA:28,1
DA:36,0
DA:44,1
DA:45,0
DA:47,1
DA:55,0
LF:8
LH:4
BRDA:44,0,0,0
BRDA:44,0,1,1
BRDA:54,1,0,0
BRF:3
BRH:1
end_of_record
TN:
SF:C:\Webserver\www\tests\desafio-tecnico-frontend-conexa\src\app\supports\utils\collection.js
FNF:0
FNH:0
DA:1,0
LF:1
LH:0
BRF:0
BRH:0
end_of_record
TN:
SF:C:\Webserver\www\tests\desafio-tecnico-frontend-conexa\src\app\supports\utils\context.js
FNF:0
FNH:0
DA:5,3
LF:1
LH:1
BRF:0
BRH:0
end_of_record
TN:
SF:C:\Webserver\www\tests\desafio-tecnico-frontend-conexa\src\components\dialog\DialogConfirm.vue
FN:4,data
FN:8,_default
FN:12,onCancel
FN:15,onConfirm
FNF:4
FNH:0
FNDA:0,data
FNDA:0,_default
FNDA:0,onCancel
FNDA:0,onConfirm
DA:4,0
DA:8,0
DA:13,0
DA:16,0
LF:4
LH:0
BRF:0
BRH:0
end_of_record
TN:
SF:C:\Webserver\www\tests\desafio-tecnico-frontend-conexa\src\components\form\AppInput.vue
FN:25,inputListeners
FN:31,input
FNF:2
FNH:1
FNDA:7,inputListeners
FNDA:0,input
DA:26,7
DA:28,7
DA:32,0
LF:3
LH:2
BRF:0
BRH:0
end_of_record
TN:
SF:C:\Webserver\www\tests\desafio-tecnico-frontend-conexa\src\components\form\AppTextarea.vue
FN:25,inputListeners
FN:31,input
FNF:2
FNH:0
FNDA:0,inputListeners
FNDA:0,input
DA:26,0
DA:28,0
DA:32,0
LF:3
LH:0
BRF:0
BRH:0
end_of_record
TN:
SF:C:\Webserver\www\tests\desafio-tecnico-frontend-conexa\src\components\layouts\LayoutAuth.vue
FNF:0
FNH:0
DA:2,2
LF:1
LH:1
BRF:0
BRH:0
end_of_record
TN:
SF:C:\Webserver\www\tests\desafio-tecnico-frontend-conexa\src\components\layouts\LayoutExternal.vue
FN:6,data
FNF:1
FNH:1
FNDA:1,data
DA:2,2
DA:6,1
LF:2
LH:2
BRF:0
BRH:0
end_of_record
TN:
SF:C:\Webserver\www\tests\desafio-tecnico-frontend-conexa\src\components\layouts\Menu.vue
FN:8,data
FN:30,onLogout
FN:33,(anonymous_4)
FNF:3
FNH:1
FNDA:5,data
FNDA:0,onLogout
FNDA:0,(anonymous_4)
DA:2,4
DA:3,4
DA:8,5
DA:31,0
DA:32,0
DA:33,0
DA:34,0
LF:7
LH:3
BRF:0
BRH:0
end_of_record
TN:
SF:C:\Webserver\www\tests\desafio-tecnico-frontend-conexa\src\components\layouts\Sidebar.vue
FNF:0
FNH:0
DA:2,3
LF:1
LH:1
BRF:0
BRH:0
end_of_record
TN:
SF:C:\Webserver\www\tests\desafio-tecnico-frontend-conexa\src\components\table\AppTable.vue
FN:4,data
FN:14,_default
FN:19,_default
FN:27,pageNumber
FN:32,paginatedData
FN:37,goToPage
FN:41,dispatch
FNF:7
FNH:3
FNDA:4,data
FNDA:0,_default
FNDA:4,_default
FNDA:1,pageNumber
FNDA:0,paginatedData
FNDA:0,goToPage
FNDA:0,dispatch
DA:4,4
DA:14,0
DA:19,4
DA:28,1
DA:33,0
DA:38,0
DA:39,0
DA:41,0
DA:42,0
DA:46,0
LF:10
LH:3
BRDA:41,0,0,0
BRDA:41,0,1,0
BRF:2
BRH:0
end_of_record
TN:
SF:C:\Webserver\www\tests\desafio-tecnico-frontend-conexa\src\router\before-each.js
FN:2,(anonymous_0)
FN:10,(anonymous_1)
FN:11,(anonymous_2)
FNF:3
FNH:0
FNDA:0,(anonymous_0)
FNDA:0,(anonymous_1)
FNDA:0,(anonymous_2)
DA:2,3
DA:11,0
DA:13,0
DA:14,0
DA:15,0
DA:16,0
LF:6
LH:1
BRDA:13,0,0,0
BRDA:13,0,1,0
BRDA:13,1,0,0
BRDA:13,1,1,0
BRDA:15,2,0,0
BRDA:15,2,1,0
BRDA:15,3,0,0
BRDA:15,3,1,0
BRF:8
BRH:0
end_of_record
TN:
SF:C:\Webserver\www\tests\desafio-tecnico-frontend-conexa\src\router\routes.js
FNF:0
FNH:0
LF:0
LH:0
BRF:0
BRH:0
end_of_record
TN:
SF:C:\Webserver\www\tests\desafio-tecnico-frontend-conexa\src\store\index.js
FNF:0
FNH:0
DA:1,0
DA:2,0
DA:5,0
LF:3
LH:0
BRF:0
BRH:0
end_of_record
